Using pre-set license
Built from '2021.3/release' branch; Version is '2021.3.17f1 (3e8111cac19d) revision 4096273'; Using compiler version '192829333'; Build Type 'Release'
OS: 'Windows 10  (10.0.18362) 64bit CoreSingleLanguage' Language: 'pt' Physical Memory: 16287 MB
BatchMode: 1, IsHumanControllingUs: 0, StartBugReporterOnCrash: 0, Is64bit: 1, IsPro: 1

COMMAND LINE ARGUMENTS:
C:\Program Files\Unity\Hub\Editor\2021.3.17f1\Editor\Unity.exe
-adb2
-batchMode
-noUpm
-name
AssetImportWorker0
-projectPath
C:/Users/Interlab.INTERLAB-XPS/Documents/flavio/ARTrack-Demos
-logFile
Logs/AssetImportWorker0.log
-srvPort
62444
Successfully changed project path to: C:/Users/Interlab.INTERLAB-XPS/Documents/flavio/ARTrack-Demos
C:/Users/Interlab.INTERLAB-XPS/Documents/flavio/ARTrack-Demos
[UnityMemory] Configuration Parameters - Can be set up in boot.config
    "memorysetup-bucket-allocator-granularity=16"
    "memorysetup-bucket-allocator-bucket-count=8"
    "memorysetup-bucket-allocator-block-size=33554432"
    "memorysetup-bucket-allocator-block-count=8"
    "memorysetup-main-allocator-block-size=16777216"
    "memorysetup-thread-allocator-block-size=16777216"
    "memorysetup-gfx-main-allocator-block-size=16777216"
    "memorysetup-gfx-thread-allocator-block-size=16777216"
    "memorysetup-cache-allocator-block-size=4194304"
    "memorysetup-typetree-allocator-block-size=2097152"
    "memorysetup-profiler-bucket-allocator-granularity=16"
    "memorysetup-profiler-bucket-allocator-bucket-count=8"
    "memorysetup-profiler-bucket-allocator-block-size=33554432"
    "memorysetup-profiler-bucket-allocator-block-count=8"
    "memorysetup-profiler-allocator-block-size=16777216"
    "memorysetup-profiler-editor-allocator-block-size=1048576"
    "memorysetup-temp-allocator-size-main=16777216"
    "memorysetup-job-temp-allocator-block-size=2097152"
    "memorysetup-job-temp-allocator-block-size-background=1048576"
    "memorysetup-job-temp-allocator-reduction-small-platforms=262144"
    "memorysetup-temp-allocator-size-background-worker=32768"
    "memorysetup-temp-allocator-size-job-worker=262144"
    "memorysetup-temp-allocator-size-preload-manager=33554432"
    "memorysetup-temp-allocator-size-nav-mesh-worker=65536"
    "memorysetup-temp-allocator-size-audio-worker=65536"
    "memorysetup-temp-allocator-size-cloud-worker=32768"
    "memorysetup-temp-allocator-size-gi-baking-worker=262144"
    "memorysetup-temp-allocator-size-gfx=262144"
Player connection [19980] Host "[IP] 143.107.164.147 [Port] 0 [Flags] 2 [Guid] 1683111226 [EditorId] 1683111226 [Version] 1048832 [Id] WindowsEditor(7,INTERLAB-XPS) [Debug] 1 [PackageName] WindowsEditor [ProjectName] Editor" joined multi-casting on [225.0.0.222:54997]...

Player connection [19980] Host "[IP] 143.107.164.147 [Port] 0 [Flags] 2 [Guid] 1683111226 [EditorId] 1683111226 [Version] 1048832 [Id] WindowsEditor(7,INTERLAB-XPS) [Debug] 1 [PackageName] WindowsEditor [ProjectName] Editor" joined alternative multi-casting on [225.0.0.222:34997]...

Refreshing native plugins compatible for Editor in 99.72 ms, found 3 plugins.
Preloading 0 native plugins for Editor in 0.00 ms.
Initialize engine version: 2021.3.17f1 (3e8111cac19d)
[Subsystems] Discovering subsystems at path C:/Program Files/Unity/Hub/Editor/2021.3.17f1/Editor/Data/Resources/UnitySubsystems
[Subsystems] Discovering subsystems at path C:/Users/Interlab.INTERLAB-XPS/Documents/flavio/ARTrack-Demos/Assets
GfxDevice: creating device client; threaded=0; jobified=0
Direct3D:
    Version:  Direct3D 11.0 [level 11.1]
    Renderer: NVIDIA GeForce GTX 1070 (ID=0x1b81)
    Vendor:   NVIDIA
    VRAM:     8088 MB
    Driver:   27.21.14.5751
Initialize mono
Mono path[0] = 'C:/Program Files/Unity/Hub/Editor/2021.3.17f1/Editor/Data/Managed'
Mono path[1] = 'C:/Program Files/Unity/Hub/Editor/2021.3.17f1/Editor/Data/MonoBleedingEdge/lib/mono/unityjit-win32'
Mono config path = 'C:/Program Files/Unity/Hub/Editor/2021.3.17f1/Editor/Data/MonoBleedingEdge/etc'
Using monoOptions --debugger-agent=transport=dt_socket,embedding=1,server=y,suspend=n,address=127.0.0.1:56604
Begin MonoManager ReloadAssembly
Registering precompiled unity dll's ...
Register platform support module: C:/Program Files/Unity/Hub/Editor/2021.3.17f1/Editor/Data/PlaybackEngines/WindowsStandaloneSupport/UnityEditor.WindowsStandalone.Extensions.dll
Registered in 0.005952 seconds.
Native extension for WindowsStandalone target not found
Refreshing native plugins compatible for Editor in 92.27 ms, found 3 plugins.
Preloading 0 native plugins for Editor in 0.00 ms.
Mono: successfully reloaded assembly
- Completed reload, in  0.577 seconds
Domain Reload Profiling:
	ReloadAssembly (577ms)
		BeginReloadAssembly (64ms)
			ExecutionOrderSort (0ms)
			DisableScriptedObjects (0ms)
			BackupInstance (0ms)
			ReleaseScriptingObjects (0ms)
			CreateAndSetChildDomain (1ms)
		EndReloadAssembly (416ms)
			LoadAssemblies (62ms)
			RebuildTransferFunctionScriptingTraits (0ms)
			SetupTypeCache (89ms)
			ReleaseScriptCaches (0ms)
			RebuildScriptCaches (25ms)
			SetupLoadedEditorAssemblies (257ms)
				LogAssemblyErrors (0ms)
				InitializePlatformSupportModulesInManaged (6ms)
				SetLoadedEditorAssemblies (0ms)
				RefreshPlugins (92ms)
				BeforeProcessingInitializeOnLoad (1ms)
				ProcessInitializeOnLoadAttributes (116ms)
				ProcessInitializeOnLoadMethodAttributes (41ms)
				AfterProcessingInitializeOnLoad (0ms)
				EditorAssembliesLoaded (0ms)
			ExecutionOrderSort2 (0ms)
			AwakeInstancesAfterBackupRestoration (0ms)
Platform modules already initialized, skipping
Registering precompiled user dll's ...
Registered in 0.008145 seconds.
Begin MonoManager ReloadAssembly
Symbol file LoadedFromMemory doesn't match image C:\Users\Interlab.INTERLAB-XPS\Documents\flavio\ARTrack-Demos\Library\PackageCache\com.unity.visualscripting@1.8.0\Editor\VisualScripting.Core\Dependencies\DotNetZip\Unity.VisualScripting.IonicZip.dll
Symbol file LoadedFromMemory doesn't match image C:\Users\Interlab.INTERLAB-XPS\Documents\flavio\ARTrack-Demos\Library\PackageCache\com.unity.visualscripting@1.8.0\Editor\VisualScripting.Core\Dependencies\YamlDotNet\Unity.VisualScripting.YamlDotNet.dll
Native extension for WindowsStandalone target not found
Refreshing native plugins compatible for Editor in 0.83 ms, found 3 plugins.
Preloading 0 native plugins for Editor in 0.00 ms.
Mono: successfully reloaded assembly
- Completed reload, in  1.074 seconds
Domain Reload Profiling:
	ReloadAssembly (1075ms)
		BeginReloadAssembly (95ms)
			ExecutionOrderSort (0ms)
			DisableScriptedObjects (5ms)
			BackupInstance (0ms)
			ReleaseScriptingObjects (0ms)
			CreateAndSetChildDomain (16ms)
		EndReloadAssembly (876ms)
			LoadAssemblies (82ms)
			RebuildTransferFunctionScriptingTraits (0ms)
			SetupTypeCache (253ms)
			ReleaseScriptCaches (1ms)
			RebuildScriptCaches (50ms)
			SetupLoadedEditorAssemblies (452ms)
				LogAssemblyErrors (0ms)
				InitializePlatformSupportModulesInManaged (5ms)
				SetLoadedEditorAssemblies (0ms)
				RefreshPlugins (1ms)
				BeforeProcessingInitializeOnLoad (103ms)
				ProcessInitializeOnLoadAttributes (220ms)
				ProcessInitializeOnLoadMethodAttributes (115ms)
				AfterProcessingInitializeOnLoad (8ms)
				EditorAssembliesLoaded (0ms)
			ExecutionOrderSort2 (0ms)
			AwakeInstancesAfterBackupRestoration (6ms)
Platform modules already initialized, skipping
========================================================================
Worker process is ready to serve import requests
Launched and connected shader compiler UnityShaderCompiler.exe after 0.04 seconds
Refreshing native plugins compatible for Editor in 1.37 ms, found 3 plugins.
Preloading 0 native plugins for Editor in 0.00 ms.
Unloading 4519 Unused Serialized files (Serialized files now loaded: 0)
Unloading 69 unused Assets / (121.0 KB). Loaded Objects now: 4953.
Memory consumption went from 155.2 MB to 155.1 MB.
Total: 5.828700 ms (FindLiveObjects: 0.328600 ms CreateObjectMapping: 0.281100 ms MarkObjects: 5.052800 ms  DeleteObjects: 0.164900 ms)

AssetImportParameters requested are different than current active one (requested -> active):
  custom:video-decoder-ogg-theora: a1e56fd34408186e4bbccfd4996cb3dc -> 
  custom:container-muxer-webm: aa71ff27fc2769a1b78a27578f13a17b -> 
  custom:container-demuxer-webm: 4f35f7cbe854078d1ac9338744f61a02 -> 
  custom:video-encoder-webm-vp8: eb34c28f22e8b96e1ab97ce403110664 -> 
  custom:audio-encoder-webm-vorbis: bf7c407c2cedff20999df2af8eb42d56 -> 
  custom:framework-win-MediaFoundation: 216162199b28c13a410421893ffa2e32 -> 
  custom:container-demuxer-ogg: 62fdf1f143b41e24485cea50d1cbac27 -> 
  custom:video-decoder-webm-vp8: 9c59270c3fd7afecdb556c50c9e8de78 -> 
  custom:audio-decoder-ogg-vorbis: bf7c407c2cedff20999df2af8eb42d56 -> 
========================================================================
Received Import Request.
  Time since last request: 1951.476134 seconds.
  path: Assets/Scenes/CenaObjs.unity
  artifactKey: Guid(4b844fd13f04c4844bf8444c0bb53fec) Importer(815301076,1909f56bfc062723c751e8b465ee728b)
Start importing Assets/Scenes/CenaObjs.unity using Guid(4b844fd13f04c4844bf8444c0bb53fec) Importer(815301076,1909f56bfc062723c751e8b465ee728b)  -> (artifact id: '972debcb699f87d5cdc2191673313cc2') in 0.011537 seconds 
========================================================================
Received Import Request.
  Time since last request: 7.244338 seconds.
  path: Assets/Scenes/CuboSimulado.unity
  artifactKey: Guid(57066a82dff51dc42aa4b66c09069cc8) Importer(815301076,1909f56bfc062723c751e8b465ee728b)
Start importing Assets/Scenes/CuboSimulado.unity using Guid(57066a82dff51dc42aa4b66c09069cc8) Importer(815301076,1909f56bfc062723c751e8b465ee728b)  -> (artifact id: '1f85b38e40726b3b3796784e95ac0e4f') in 0.005730 seconds 
========================================================================
Received Import Request.
  Time since last request: 4.557788 seconds.
  path: Assets
  artifactKey: Guid(00000000000000001000000000000000) Importer(815301076,1909f56bfc062723c751e8b465ee728b)
Start importing Assets using Guid(00000000000000001000000000000000) Importer(815301076,1909f56bfc062723c751e8b465ee728b)  -> (artifact id: '79842766b460edbeab6a34051e857a80') in 0.005911 seconds 
========================================================================
Received Import Request.
  Time since last request: 6.310987 seconds.
  path: Assets/Ob js
  artifactKey: Guid(3d350e5aa6543c0428bfb4602ba48af1) Importer(815301076,1909f56bfc062723c751e8b465ee728b)
Start importing Assets/Ob js using Guid(3d350e5aa6543c0428bfb4602ba48af1) Importer(815301076,1909f56bfc062723c751e8b465ee728b)  -> (artifact id: '4125b338dae25952ab9be59fe5f55a56') in 0.006628 seconds 
========================================================================
Received Import Request.
  Time since last request: 6.073976 seconds.
  path: Assets/Objs
  artifactKey: Guid(3d350e5aa6543c0428bfb4602ba48af1) Importer(815301076,1909f56bfc062723c751e8b465ee728b)
Start importing Assets/Objs using Guid(3d350e5aa6543c0428bfb4602ba48af1) Importer(815301076,1909f56bfc062723c751e8b465ee728b)  -> (artifact id: '702d0113e5931cf4a4ef961af9860b95') in 0.005778 seconds 
========================================================================
Received Import Request.
  Time since last request: 17.325859 seconds.
  path: Assets/Objs/cuboAR.abc
  artifactKey: Guid(1862b3e6b20dc6641b7b70b3e985821b) Importer(815301076,1909f56bfc062723c751e8b465ee728b)
Start importing Assets/Objs/cuboAR.abc using Guid(1862b3e6b20dc6641b7b70b3e985821b) Importer(815301076,1909f56bfc062723c751e8b465ee728b)  -> (artifact id: 'a9431d3b2b0a3206e756122b10c57f9e') in 0.027795 seconds 
========================================================================
Received Import Request.
  Time since last request: 36.782105 seconds.
  path: Assets/Objs/CuboAR.obj
  artifactKey: Guid(956d150df39516446a2584bec3d23d25) Importer(815301076,1909f56bfc062723c751e8b465ee728b)
Start importing Assets/Objs/CuboAR.obj using Guid(956d150df39516446a2584bec3d23d25) Importer(815301076,1909f56bfc062723c751e8b465ee728b)  -> (artifact id: '978e8217de9bf074eda41c90d885554e') in 0.136856 seconds 
========================================================================
Received Import Request.
  Time since last request: 10.035580 seconds.
  path: Assets/Objs/CuboAR.mtl
  artifactKey: Guid(c647c0e33ab15104cbf3216f8712ff90) Importer(815301076,1909f56bfc062723c751e8b465ee728b)
Start importing Assets/Objs/CuboAR.mtl using Guid(c647c0e33ab15104cbf3216f8712ff90) Importer(815301076,1909f56bfc062723c751e8b465ee728b)  -> (artifact id: 'ddc323f9139a254a557bc9b075a92acc') in 0.003541 seconds 
========================================================================
Received Import Request.
  Time since last request: 89.912020 seconds.
  path: Assets/Objs/image.jpg
  artifactKey: Guid(8081119abd5f5fe4b9b36e135f32e7a9) Importer(815301076,1909f56bfc062723c751e8b465ee728b)
Start importing Assets/Objs/image.jpg using Guid(8081119abd5f5fe4b9b36e135f32e7a9) Importer(815301076,1909f56bfc062723c751e8b465ee728b)  -> (artifact id: 'd402b291e29b1377792b09a6ef4df3a0') in 0.027557 seconds 
========================================================================
Received Import Request.
  Time since last request: 44.528795 seconds.
  path: Assets/Objs/CuboAR.obj
  artifactKey: Guid(956d150df39516446a2584bec3d23d25) Importer(815301076,1909f56bfc062723c751e8b465ee728b)
Start importing Assets/Objs/CuboAR.obj using Guid(956d150df39516446a2584bec3d23d25) Importer(815301076,1909f56bfc062723c751e8b465ee728b)  -> (artifact id: 'f6382c758402363263271ba90716b1b4') in 0.022937 seconds 
========================================================================
Received Import Request.
  Time since last request: 4.123036 seconds.
  path: Assets/Objs/CuboAR.obj
  artifactKey: Guid(956d150df39516446a2584bec3d23d25) Importer(815301076,1909f56bfc062723c751e8b465ee728b)
Start importing Assets/Objs/CuboAR.obj using Guid(956d150df39516446a2584bec3d23d25) Importer(815301076,1909f56bfc062723c751e8b465ee728b)  -> (artifact id: '787c04184708cf79d4aecc5ea7c1c276') in 0.017777 seconds 
========================================================================
Received Import Request.
  Time since last request: 2.366477 seconds.
  path: Assets/Objs/Materials
  artifactKey: Guid(a6a984d95227cad479b5ed06b4c31426) Importer(815301076,1909f56bfc062723c751e8b465ee728b)
Start importing Assets/Objs/Materials using Guid(a6a984d95227cad479b5ed06b4c31426) Importer(815301076,1909f56bfc062723c751e8b465ee728b)  -> (artifact id: '35da1074b5b32ced174a6213b020c1ff') in 0.006008 seconds 
========================================================================
Received Import Request.
  Time since last request: 0.057720 seconds.
  path: Assets/Objs/Materials/image.mat
  artifactKey: Guid(db85232ae3ebcaf42a9da6ced967812e) Importer(815301076,1909f56bfc062723c751e8b465ee728b)
Start importing Assets/Objs/Materials/image.mat using Guid(db85232ae3ebcaf42a9da6ced967812e) Importer(815301076,1909f56bfc062723c751e8b465ee728b)  -> (artifact id: '1d54d4b85617b79b292d2b444dbd31eb') in 0.010587 seconds 
========================================================================
Received Import Request.
  Time since last request: 332.594093 seconds.
  path: Assets/Objs/Plane.prefab
  artifactKey: Guid(a85f78d2e59b1244cb08f516841e3446) Importer(815301076,1909f56bfc062723c751e8b465ee728b)
Start importing Assets/Objs/Plane.prefab using Guid(a85f78d2e59b1244cb08f516841e3446) Importer(815301076,1909f56bfc062723c751e8b465ee728b)  -> (artifact id: 'd2997507c600990f1cda49f6a21d118b') in 0.012816 seconds 
========================================================================
Received Import Request.
  Time since last request: 50.656457 seconds.
  path: Assets/Objs/wood.mat
  artifactKey: Guid(dcd42bf317c87ea46a24223a01aa037d) Importer(815301076,1909f56bfc062723c751e8b465ee728b)
Start importing Assets/Objs/wood.mat using Guid(dcd42bf317c87ea46a24223a01aa037d) Importer(815301076,1909f56bfc062723c751e8b465ee728b)  -> (artifact id: '5571e82a353bc4c4359c650acd68357c') in 0.164401 seconds 
========================================================================
Received Import Request.
  Time since last request: 52.014829 seconds.
  path: Assets/Objs/wood5_b.png
  artifactKey: Guid(cd28bbbe511826048b38b22696fb5b27) Importer(815301076,1909f56bfc062723c751e8b465ee728b)
Start importing Assets/Objs/wood5_b.png using Guid(cd28bbbe511826048b38b22696fb5b27) Importer(815301076,1909f56bfc062723c751e8b465ee728b)  -> (artifact id: 'cb6b44c8e3ad24e7d7158f5a4985a2f2') in 0.015048 seconds 
========================================================================
Received Import Request.
  Time since last request: 25.003072 seconds.
  path: Assets/Objs/Plane.prefab
  artifactKey: Guid(a85f78d2e59b1244cb08f516841e3446) Importer(815301076,1909f56bfc062723c751e8b465ee728b)
Start importing Assets/Objs/Plane.prefab using Guid(a85f78d2e59b1244cb08f516841e3446) Importer(815301076,1909f56bfc062723c751e8b465ee728b)  -> (artifact id: '506624579d5594fac273a7207c3a2fe7') in 0.009294 seconds 
========================================================================
Received Import Request.
  Time since last request: 122.776602 seconds.
  path: Assets/Scenes/CuboSimulado.unity
  artifactKey: Guid(57066a82dff51dc42aa4b66c09069cc8) Importer(815301076,1909f56bfc062723c751e8b465ee728b)
Start importing Assets/Scenes/CuboSimulado.unity using Guid(57066a82dff51dc42aa4b66c09069cc8) Importer(815301076,1909f56bfc062723c751e8b465ee728b)  -> (artifact id: '2951476961eb0b1b3b0995d25b7e1dc5') in 0.005992 seconds 
========================================================================
Received Prepare
Registering precompiled user dll's ...
Registered in 0.009329 seconds.
Begin MonoManager ReloadAssembly
Symbol file LoadedFromMemory doesn't match image C:\Users\Interlab.INTERLAB-XPS\Documents\flavio\ARTrack-Demos\Library\PackageCache\com.unity.visualscripting@1.8.0\Editor\VisualScripting.Core\Dependencies\DotNetZip\Unity.VisualScripting.IonicZip.dll
Symbol file LoadedFromMemory doesn't match image C:\Users\Interlab.INTERLAB-XPS\Documents\flavio\ARTrack-Demos\Library\PackageCache\com.unity.visualscripting@1.8.0\Editor\VisualScripting.Core\Dependencies\YamlDotNet\Unity.VisualScripting.YamlDotNet.dll
Native extension for WindowsStandalone target not found
Refreshing native plugins compatible for Editor in 1.58 ms, found 3 plugins.
Preloading 0 native plugins for Editor in 0.00 ms.
Mono: successfully reloaded assembly
- Completed reload, in  1.474 seconds
Domain Reload Profiling:
	ReloadAssembly (1475ms)
		BeginReloadAssembly (142ms)
			ExecutionOrderSort (0ms)
			DisableScriptedObjects (8ms)
			BackupInstance (0ms)
			ReleaseScriptingObjects (0ms)
			CreateAndSetChildDomain (42ms)
		EndReloadAssembly (1230ms)
			LoadAssemblies (96ms)
			RebuildTransferFunctionScriptingTraits (0ms)
			SetupTypeCache (389ms)
			ReleaseScriptCaches (2ms)
			RebuildScriptCaches (64ms)
			SetupLoadedEditorAssemblies (598ms)
				LogAssemblyErrors (0ms)
				InitializePlatformSupportModulesInManaged (19ms)
				SetLoadedEditorAssemblies (1ms)
				RefreshPlugins (2ms)
				BeforeProcessingInitializeOnLoad (117ms)
				ProcessInitializeOnLoadAttributes (282ms)
				ProcessInitializeOnLoadMethodAttributes (166ms)
				AfterProcessingInitializeOnLoad (12ms)
				EditorAssembliesLoaded (0ms)
			ExecutionOrderSort2 (0ms)
			AwakeInstancesAfterBackupRestoration (8ms)
Platform modules already initialized, skipping
Refreshing native plugins compatible for Editor in 8.27 ms, found 3 plugins.
Preloading 0 native plugins for Editor in 0.00 ms.
Unloading 4490 Unused Serialized files (Serialized files now loaded: 0)
Unloading 58 unused Assets / (80.3 KB). Loaded Objects now: 5003.
Memory consumption went from 157.0 MB to 157.0 MB.
Total: 7.384400 ms (FindLiveObjects: 0.336900 ms CreateObjectMapping: 0.333600 ms MarkObjects: 6.597500 ms  DeleteObjects: 0.115400 ms)

AssetImportParameters requested are different than current active one (requested -> active):
  custom:video-decoder-ogg-theora: a1e56fd34408186e4bbccfd4996cb3dc -> 
  custom:container-muxer-webm: aa71ff27fc2769a1b78a27578f13a17b -> 
  custom:container-demuxer-webm: 4f35f7cbe854078d1ac9338744f61a02 -> 
  custom:video-encoder-webm-vp8: eb34c28f22e8b96e1ab97ce403110664 -> 
  custom:audio-encoder-webm-vorbis: bf7c407c2cedff20999df2af8eb42d56 -> 
  custom:framework-win-MediaFoundation: 216162199b28c13a410421893ffa2e32 -> 
  custom:container-demuxer-ogg: 62fdf1f143b41e24485cea50d1cbac27 -> 
  custom:video-decoder-webm-vp8: 9c59270c3fd7afecdb556c50c9e8de78 -> 
  custom:audio-decoder-ogg-vorbis: bf7c407c2cedff20999df2af8eb42d56 -> 
========================================================================
Received Import Request.
  Time since last request: 112.426245 seconds.
  path: Assets/Scripts/SerialControle.cs
  artifactKey: Guid(748b0a049633c534792d9caec20dd662) Importer(815301076,1909f56bfc062723c751e8b465ee728b)
Start importing Assets/Scripts/SerialControle.cs using Guid(748b0a049633c534792d9caec20dd662) Importer(815301076,1909f56bfc062723c751e8b465ee728b)  -> (artifact id: '1b619a67f5d959f2015cf85ff4a611c0') in 0.016945 seconds 
========================================================================
Received Prepare
Registering precompiled user dll's ...
Registered in 0.008592 seconds.
Begin MonoManager ReloadAssembly
Symbol file LoadedFromMemory doesn't match image C:\Users\Interlab.INTERLAB-XPS\Documents\flavio\ARTrack-Demos\Library\PackageCache\com.unity.visualscripting@1.8.0\Editor\VisualScripting.Core\Dependencies\DotNetZip\Unity.VisualScripting.IonicZip.dll
Symbol file LoadedFromMemory doesn't match image C:\Users\Interlab.INTERLAB-XPS\Documents\flavio\ARTrack-Demos\Library\PackageCache\com.unity.visualscripting@1.8.0\Editor\VisualScripting.Core\Dependencies\YamlDotNet\Unity.VisualScripting.YamlDotNet.dll
Native extension for WindowsStandalone target not found
Refreshing native plugins compatible for Editor in 1.36 ms, found 3 plugins.
Preloading 0 native plugins for Editor in 0.00 ms.
Mono: successfully reloaded assembly
- Completed reload, in  1.223 seconds
Domain Reload Profiling:
	ReloadAssembly (1224ms)
		BeginReloadAssembly (144ms)
			ExecutionOrderSort (0ms)
			DisableScriptedObjects (7ms)
			BackupInstance (0ms)
			ReleaseScriptingObjects (0ms)
			CreateAndSetChildDomain (41ms)
		EndReloadAssembly (972ms)
			LoadAssemblies (94ms)
			RebuildTransferFunctionScriptingTraits (0ms)
			SetupTypeCache (316ms)
			ReleaseScriptCaches (1ms)
			RebuildScriptCaches (43ms)
			SetupLoadedEditorAssemblies (482ms)
				LogAssemblyErrors (0ms)
				InitializePlatformSupportModulesInManaged (12ms)
				SetLoadedEditorAssemblies (1ms)
				RefreshPlugins (1ms)
				BeforeProcessingInitializeOnLoad (88ms)
				ProcessInitializeOnLoadAttributes (239ms)
				ProcessInitializeOnLoadMethodAttributes (133ms)
				AfterProcessingInitializeOnLoad (8ms)
				EditorAssembliesLoaded (0ms)
			ExecutionOrderSort2 (0ms)
			AwakeInstancesAfterBackupRestoration (6ms)
Platform modules already initialized, skipping
Refreshing native plugins compatible for Editor in 5.33 ms, found 3 plugins.
Preloading 0 native plugins for Editor in 0.00 ms.
Unloading 4490 Unused Serialized files (Serialized files now loaded: 0)
Unloading 58 unused Assets / (80.5 KB). Loaded Objects now: 5006.
Memory consumption went from 157.1 MB to 157.0 MB.
Total: 5.544300 ms (FindLiveObjects: 0.320900 ms CreateObjectMapping: 0.328400 ms MarkObjects: 4.797800 ms  DeleteObjects: 0.096100 ms)

AssetImportParameters requested are different than current active one (requested -> active):
  custom:video-decoder-ogg-theora: a1e56fd34408186e4bbccfd4996cb3dc -> 
  custom:container-muxer-webm: aa71ff27fc2769a1b78a27578f13a17b -> 
  custom:container-demuxer-webm: 4f35f7cbe854078d1ac9338744f61a02 -> 
  custom:video-encoder-webm-vp8: eb34c28f22e8b96e1ab97ce403110664 -> 
  custom:audio-encoder-webm-vorbis: bf7c407c2cedff20999df2af8eb42d56 -> 
  custom:framework-win-MediaFoundation: 216162199b28c13a410421893ffa2e32 -> 
  custom:container-demuxer-ogg: 62fdf1f143b41e24485cea50d1cbac27 -> 
  custom:video-decoder-webm-vp8: 9c59270c3fd7afecdb556c50c9e8de78 -> 
  custom:audio-decoder-ogg-vorbis: bf7c407c2cedff20999df2af8eb42d56 -> 
========================================================================
Received Prepare
Registering precompiled user dll's ...
Registered in 0.008108 seconds.
Begin MonoManager ReloadAssembly
Symbol file LoadedFromMemory doesn't match image C:\Users\Interlab.INTERLAB-XPS\Documents\flavio\ARTrack-Demos\Library\PackageCache\com.unity.visualscripting@1.8.0\Editor\VisualScripting.Core\Dependencies\DotNetZip\Unity.VisualScripting.IonicZip.dll
Symbol file LoadedFromMemory doesn't match image C:\Users\Interlab.INTERLAB-XPS\Documents\flavio\ARTrack-Demos\Library\PackageCache\com.unity.visualscripting@1.8.0\Editor\VisualScripting.Core\Dependencies\YamlDotNet\Unity.VisualScripting.YamlDotNet.dll
Native extension for WindowsStandalone target not found
Refreshing native plugins compatible for Editor in 0.99 ms, found 3 plugins.
Preloading 0 native plugins for Editor in 0.00 ms.
Mono: successfully reloaded assembly
- Completed reload, in  1.428 seconds
Domain Reload Profiling:
	ReloadAssembly (1429ms)
		BeginReloadAssembly (137ms)
			ExecutionOrderSort (0ms)
			DisableScriptedObjects (9ms)
			BackupInstance (0ms)
			ReleaseScriptingObjects (0ms)
			CreateAndSetChildDomain (40ms)
		EndReloadAssembly (1195ms)
			LoadAssemblies (87ms)
			RebuildTransferFunctionScriptingTraits (0ms)
			SetupTypeCache (374ms)
			ReleaseScriptCaches (3ms)
			RebuildScriptCaches (57ms)
			SetupLoadedEditorAssemblies (603ms)
				LogAssemblyErrors (0ms)
				InitializePlatformSupportModulesInManaged (15ms)
				SetLoadedEditorAssemblies (0ms)
				RefreshPlugins (1ms)
				BeforeProcessingInitializeOnLoad (114ms)
				ProcessInitializeOnLoadAttributes (292ms)
				ProcessInitializeOnLoadMethodAttributes (170ms)
				AfterProcessingInitializeOnLoad (9ms)
				EditorAssembliesLoaded (0ms)
			ExecutionOrderSort2 (0ms)
			AwakeInstancesAfterBackupRestoration (9ms)
Platform modules already initialized, skipping
Refreshing native plugins compatible for Editor in 7.57 ms, found 3 plugins.
Preloading 0 native plugins for Editor in 0.00 ms.
Unloading 4490 Unused Serialized files (Serialized files now loaded: 0)
Unloading 58 unused Assets / (88.2 KB). Loaded Objects now: 5009.
Memory consumption went from 157.1 MB to 157.0 MB.
Total: 9.330700 ms (FindLiveObjects: 0.454000 ms CreateObjectMapping: 0.450100 ms MarkObjects: 8.153000 ms  DeleteObjects: 0.272600 ms)

AssetImportParameters requested are different than current active one (requested -> active):
  custom:video-decoder-ogg-theora: a1e56fd34408186e4bbccfd4996cb3dc -> 
  custom:container-muxer-webm: aa71ff27fc2769a1b78a27578f13a17b -> 
  custom:container-demuxer-webm: 4f35f7cbe854078d1ac9338744f61a02 -> 
  custom:video-encoder-webm-vp8: eb34c28f22e8b96e1ab97ce403110664 -> 
  custom:audio-encoder-webm-vorbis: bf7c407c2cedff20999df2af8eb42d56 -> 
  custom:framework-win-MediaFoundation: 216162199b28c13a410421893ffa2e32 -> 
  custom:container-demuxer-ogg: 62fdf1f143b41e24485cea50d1cbac27 -> 
  custom:video-decoder-webm-vp8: 9c59270c3fd7afecdb556c50c9e8de78 -> 
  custom:audio-decoder-ogg-vorbis: bf7c407c2cedff20999df2af8eb42d56 -> 
========================================================================
Received Prepare
Registering precompiled user dll's ...
Registered in 0.007782 seconds.
Begin MonoManager ReloadAssembly
Symbol file LoadedFromMemory doesn't match image C:\Users\Interlab.INTERLAB-XPS\Documents\flavio\ARTrack-Demos\Library\PackageCache\com.unity.visualscripting@1.8.0\Editor\VisualScripting.Core\Dependencies\DotNetZip\Unity.VisualScripting.IonicZip.dll
Symbol file LoadedFromMemory doesn't match image C:\Users\Interlab.INTERLAB-XPS\Documents\flavio\ARTrack-Demos\Library\PackageCache\com.unity.visualscripting@1.8.0\Editor\VisualScripting.Core\Dependencies\YamlDotNet\Unity.VisualScripting.YamlDotNet.dll
Native extension for WindowsStandalone target not found
Refreshing native plugins compatible for Editor in 1.11 ms, found 3 plugins.
Preloading 0 native plugins for Editor in 0.00 ms.
Mono: successfully reloaded assembly
- Completed reload, in  1.467 seconds
Domain Reload Profiling:
	ReloadAssembly (1468ms)
		BeginReloadAssembly (148ms)
			ExecutionOrderSort (0ms)
			DisableScriptedObjects (8ms)
			BackupInstance (0ms)
			ReleaseScriptingObjects (0ms)
			CreateAndSetChildDomain (45ms)
		EndReloadAssembly (1222ms)
			LoadAssemblies (95ms)
			RebuildTransferFunctionScriptingTraits (0ms)
			SetupTypeCache (394ms)
			ReleaseScriptCaches (2ms)
			RebuildScriptCaches (60ms)
			SetupLoadedEditorAssemblies (595ms)
				LogAssemblyErrors (0ms)
				InitializePlatformSupportModulesInManaged (17ms)
				SetLoadedEditorAssemblies (1ms)
				RefreshPlugins (1ms)
				BeforeProcessingInitializeOnLoad (116ms)
				ProcessInitializeOnLoadAttributes (280ms)
				ProcessInitializeOnLoadMethodAttributes (169ms)
				AfterProcessingInitializeOnLoad (11ms)
				EditorAssembliesLoaded (0ms)
			ExecutionOrderSort2 (0ms)
			AwakeInstancesAfterBackupRestoration (9ms)
Platform modules already initialized, skipping
Refreshing native plugins compatible for Editor in 7.94 ms, found 3 plugins.
Preloading 0 native plugins for Editor in 0.00 ms.
Unloading 4490 Unused Serialized files (Serialized files now loaded: 0)
Unloading 58 unused Assets / (65.0 KB). Loaded Objects now: 5012.
Memory consumption went from 157.1 MB to 157.0 MB.
Total: 7.460700 ms (FindLiveObjects: 0.384700 ms CreateObjectMapping: 0.436900 ms MarkObjects: 6.534200 ms  DeleteObjects: 0.104100 ms)

AssetImportParameters requested are different than current active one (requested -> active):
  custom:video-decoder-ogg-theora: a1e56fd34408186e4bbccfd4996cb3dc -> 
  custom:container-muxer-webm: aa71ff27fc2769a1b78a27578f13a17b -> 
  custom:container-demuxer-webm: 4f35f7cbe854078d1ac9338744f61a02 -> 
  custom:video-encoder-webm-vp8: eb34c28f22e8b96e1ab97ce403110664 -> 
  custom:audio-encoder-webm-vorbis: bf7c407c2cedff20999df2af8eb42d56 -> 
  custom:framework-win-MediaFoundation: 216162199b28c13a410421893ffa2e32 -> 
  custom:container-demuxer-ogg: 62fdf1f143b41e24485cea50d1cbac27 -> 
  custom:video-decoder-webm-vp8: 9c59270c3fd7afecdb556c50c9e8de78 -> 
  custom:audio-decoder-ogg-vorbis: bf7c407c2cedff20999df2af8eb42d56 -> 
========================================================================
Received Prepare
Registering precompiled user dll's ...
Registered in 0.007641 seconds.
Begin MonoManager ReloadAssembly
Symbol file LoadedFromMemory doesn't match image C:\Users\Interlab.INTERLAB-XPS\Documents\flavio\ARTrack-Demos\Library\PackageCache\com.unity.visualscripting@1.8.0\Editor\VisualScripting.Core\Dependencies\DotNetZip\Unity.VisualScripting.IonicZip.dll
Symbol file LoadedFromMemory doesn't match image C:\Users\Interlab.INTERLAB-XPS\Documents\flavio\ARTrack-Demos\Library\PackageCache\com.unity.visualscripting@1.8.0\Editor\VisualScripting.Core\Dependencies\YamlDotNet\Unity.VisualScripting.YamlDotNet.dll
Native extension for WindowsStandalone target not found
Refreshing native plugins compatible for Editor in 1.22 ms, found 3 plugins.
Preloading 0 native plugins for Editor in 0.00 ms.
Mono: successfully reloaded assembly
- Completed reload, in  1.547 seconds
Domain Reload Profiling:
	ReloadAssembly (1548ms)
		BeginReloadAssembly (162ms)
			ExecutionOrderSort (0ms)
			DisableScriptedObjects (7ms)
			BackupInstance (0ms)
			ReleaseScriptingObjects (0ms)
			CreateAndSetChildDomain (43ms)
		EndReloadAssembly (1248ms)
			LoadAssemblies (127ms)
			RebuildTransferFunctionScriptingTraits (0ms)
			SetupTypeCache (397ms)
			ReleaseScriptCaches (2ms)
			RebuildScriptCaches (64ms)
			SetupLoadedEditorAssemblies (599ms)
				LogAssemblyErrors (0ms)
				InitializePlatformSupportModulesInManaged (16ms)
				SetLoadedEditorAssemblies (0ms)
				RefreshPlugins (1ms)
				BeforeProcessingInitializeOnLoad (107ms)
				ProcessInitializeOnLoadAttributes (284ms)
				ProcessInitializeOnLoadMethodAttributes (181ms)
				AfterProcessingInitializeOnLoad (10ms)
				EditorAssembliesLoaded (0ms)
			ExecutionOrderSort2 (0ms)
			AwakeInstancesAfterBackupRestoration (10ms)
Platform modules already initialized, skipping
Refreshing native plugins compatible for Editor in 8.69 ms, found 3 plugins.
Preloading 0 native plugins for Editor in 0.00 ms.
Unloading 4490 Unused Serialized files (Serialized files now loaded: 0)
Unloading 58 unused Assets / (72.7 KB). Loaded Objects now: 5015.
Memory consumption went from 157.1 MB to 157.0 MB.
Total: 9.047800 ms (FindLiveObjects: 0.402700 ms CreateObjectMapping: 0.371800 ms MarkObjects: 8.138000 ms  DeleteObjects: 0.134400 ms)

AssetImportParameters requested are different than current active one (requested -> active):
  custom:video-decoder-ogg-theora: a1e56fd34408186e4bbccfd4996cb3dc -> 
  custom:container-muxer-webm: aa71ff27fc2769a1b78a27578f13a17b -> 
  custom:container-demuxer-webm: 4f35f7cbe854078d1ac9338744f61a02 -> 
  custom:video-encoder-webm-vp8: eb34c28f22e8b96e1ab97ce403110664 -> 
  custom:audio-encoder-webm-vorbis: bf7c407c2cedff20999df2af8eb42d56 -> 
  custom:framework-win-MediaFoundation: 216162199b28c13a410421893ffa2e32 -> 
  custom:container-demuxer-ogg: 62fdf1f143b41e24485cea50d1cbac27 -> 
  custom:video-decoder-webm-vp8: 9c59270c3fd7afecdb556c50c9e8de78 -> 
  custom:audio-decoder-ogg-vorbis: bf7c407c2cedff20999df2af8eb42d56 -> 
========================================================================
Received Import Request.
  Time since last request: 542.568367 seconds.
  path: Assets/Objs/Plane.prefab
  artifactKey: Guid(a85f78d2e59b1244cb08f516841e3446) Importer(815301076,1909f56bfc062723c751e8b465ee728b)
Start importing Assets/Objs/Plane.prefab using Guid(a85f78d2e59b1244cb08f516841e3446) Importer(815301076,1909f56bfc062723c751e8b465ee728b)  -> (artifact id: '04ca43d4752ec24f8b9f2f90b5348443') in 0.089303 seconds 
========================================================================
Received Import Request.
  Time since last request: 5.275078 seconds.
  path: Assets/Objs/skybox.mat
  artifactKey: Guid(920134463f8c0f84296f8f951c43c376) Importer(815301076,1909f56bfc062723c751e8b465ee728b)
Start importing Assets/Objs/skybox.mat using Guid(920134463f8c0f84296f8f951c43c376) Importer(815301076,1909f56bfc062723c751e8b465ee728b)  -> (artifact id: '485692138d6bcf714b28c6c4d4b731ac') in 0.030425 seconds 
========================================================================
Received Import Request.
  Time since last request: 2.749992 seconds.
  path: Assets/Objs/CuboAR.obj
  artifactKey: Guid(956d150df39516446a2584bec3d23d25) Importer(815301076,1909f56bfc062723c751e8b465ee728b)
Start importing Assets/Objs/CuboAR.obj using Guid(956d150df39516446a2584bec3d23d25) Importer(815301076,1909f56bfc062723c751e8b465ee728b)  -> (artifact id: '5ad20ed26ea6577c8c71ea6a2007aee7') in 0.033549 seconds 
========================================================================
Received Import Request.
  Time since last request: 0.000026 seconds.
  path: Assets/Objs/Plane.prefab
  artifactKey: Guid(a85f78d2e59b1244cb08f516841e3446) Importer(815301076,1909f56bfc062723c751e8b465ee728b)
Start importing Assets/Objs/Plane.prefab using Guid(a85f78d2e59b1244cb08f516841e3446) Importer(815301076,1909f56bfc062723c751e8b465ee728b)  -> (artifact id: '0021f349b7b4ce3591b0f8bc3edfc931') in 0.012608 seconds 
========================================================================
Received Import Request.
  Time since last request: 56.724751 seconds.
  path: Assets/StreetViewPack/StreetViewPack.cubemap
  artifactKey: Guid(91dfa59d368bce541903e804e0a27d9c) Importer(815301076,1909f56bfc062723c751e8b465ee728b)
Start importing Assets/StreetViewPack/StreetViewPack.cubemap using Guid(91dfa59d368bce541903e804e0a27d9c) Importer(815301076,1909f56bfc062723c751e8b465ee728b)  -> (artifact id: 'f4d81cc54567d64991ed6e2dd95526fa') in 0.427378 seconds 
========================================================================
Received Import Request.
  Time since last request: 18.459938 seconds.
  path: Assets/Objs/comfy_cafe_1k.hdr
  artifactKey: Guid(a1300cbc638c99a4db30606ac3c17391) Importer(815301076,1909f56bfc062723c751e8b465ee728b)
Start importing Assets/Objs/comfy_cafe_1k.hdr using Guid(a1300cbc638c99a4db30606ac3c17391) Importer(815301076,1909f56bfc062723c751e8b465ee728b)  -> (artifact id: '38ec09455eec7bc5039547bcabd8d99a') in 0.020444 seconds 
========================================================================
Received Import Request.
  Time since last request: 34.135116 seconds.
  path: Assets/Objs/comfy_cafe_1k.hdr
  artifactKey: Guid(a1300cbc638c99a4db30606ac3c17391) Importer(815301076,1909f56bfc062723c751e8b465ee728b)
Start importing Assets/Objs/comfy_cafe_1k.hdr using Guid(a1300cbc638c99a4db30606ac3c17391) Importer(815301076,1909f56bfc062723c751e8b465ee728b)  -> (artifact id: '7ccb3a4f8330d7310104c7a28c5d8bfe') in 0.024143 seconds 
========================================================================
Received Import Request.
  Time since last request: 450.301878 seconds.
  path: Assets/Objs/comfy_cafe_1k(1).jpg
  artifactKey: Guid(a66369512c0285d479e5574191990e6c) Importer(815301076,1909f56bfc062723c751e8b465ee728b)
Start importing Assets/Objs/comfy_cafe_1k(1).jpg using Guid(a66369512c0285d479e5574191990e6c) Importer(815301076,1909f56bfc062723c751e8b465ee728b)  -> (artifact id: '2a9a7382be063e05f43b8f6a35e25b43') in 0.048294 seconds 
========================================================================
Received Import Request.
  Time since last request: 5.279255 seconds.
  path: Assets/Objs/comfy_cafe_1k(1).jpg
  artifactKey: Guid(a66369512c0285d479e5574191990e6c) Importer(815301076,1909f56bfc062723c751e8b465ee728b)
Start importing Assets/Objs/comfy_cafe_1k(1).jpg using Guid(a66369512c0285d479e5574191990e6c) Importer(815301076,1909f56bfc062723c751e8b465ee728b)  -> (artifact id: 'ec70851f4b581a4361862c33ef19b0e3') in 0.017889 seconds 
========================================================================
Received Import Request.
  Time since last request: 69.411293 seconds.
  path: Assets/Objs/cafe desfocado.hdr
  artifactKey: Guid(a11eb77d6a353584cac8ec039406b952) Importer(815301076,1909f56bfc062723c751e8b465ee728b)
Start importing Assets/Objs/cafe desfocado.hdr using Guid(a11eb77d6a353584cac8ec039406b952) Importer(815301076,1909f56bfc062723c751e8b465ee728b)  -> (artifact id: '0dad8aa3681e7c19a6af073519067cbe') in 0.016582 seconds 
========================================================================
Received Import Request.
  Time since last request: 4.349086 seconds.
  path: Assets/Objs/cafe desfocado.hdr
  artifactKey: Guid(a11eb77d6a353584cac8ec039406b952) Importer(815301076,1909f56bfc062723c751e8b465ee728b)
Start importing Assets/Objs/cafe desfocado.hdr using Guid(a11eb77d6a353584cac8ec039406b952) Importer(815301076,1909f56bfc062723c751e8b465ee728b)  -> (artifact id: 'a09ac6680fa33548ef00d46dfa0c3656') in 0.026413 seconds 
========================================================================
Received Prepare
Registering precompiled user dll's ...
Registered in 0.009593 seconds.
Begin MonoManager ReloadAssembly
Symbol file LoadedFromMemory doesn't match image C:\Users\Interlab.INTERLAB-XPS\Documents\flavio\ARTrack-Demos\Library\PackageCache\com.unity.visualscripting@1.8.0\Editor\VisualScripting.Core\Dependencies\DotNetZip\Unity.VisualScripting.IonicZip.dll
Symbol file LoadedFromMemory doesn't match image C:\Users\Interlab.INTERLAB-XPS\Documents\flavio\ARTrack-Demos\Library\PackageCache\com.unity.visualscripting@1.8.0\Editor\VisualScripting.Core\Dependencies\YamlDotNet\Unity.VisualScripting.YamlDotNet.dll
Native extension for WindowsStandalone target not found
Refreshing native plugins compatible for Editor in 1.13 ms, found 3 plugins.
Preloading 0 native plugins for Editor in 0.00 ms.
Mono: successfully reloaded assembly
- Completed reload, in  1.623 seconds
Domain Reload Profiling:
	ReloadAssembly (1624ms)
		BeginReloadAssembly (199ms)
			ExecutionOrderSort (0ms)
			DisableScriptedObjects (8ms)
			BackupInstance (0ms)
			ReleaseScriptingObjects (0ms)
			CreateAndSetChildDomain (49ms)
		EndReloadAssembly (1276ms)
			LoadAssemblies (143ms)
			RebuildTransferFunctionScriptingTraits (0ms)
			SetupTypeCache (419ms)
			ReleaseScriptCaches (2ms)
			RebuildScriptCaches (69ms)
			SetupLoadedEditorAssemblies (599ms)
				LogAssemblyErrors (0ms)
				InitializePlatformSupportModulesInManaged (18ms)
				SetLoadedEditorAssemblies (1ms)
				RefreshPlugins (1ms)
				BeforeProcessingInitializeOnLoad (108ms)
				ProcessInitializeOnLoadAttributes (287ms)
				ProcessInitializeOnLoadMethodAttributes (172ms)
				AfterProcessingInitializeOnLoad (12ms)
				EditorAssembliesLoaded (0ms)
			ExecutionOrderSort2 (0ms)
			AwakeInstancesAfterBackupRestoration (8ms)
Platform modules already initialized, skipping
Refreshing native plugins compatible for Editor in 7.72 ms, found 3 plugins.
Preloading 0 native plugins for Editor in 0.00 ms.
Unloading 4490 Unused Serialized files (Serialized files now loaded: 0)
Unloading 58 unused Assets / (64.9 KB). Loaded Objects now: 5021.
Memory consumption went from 157.1 MB to 157.1 MB.
Total: 9.564200 ms (FindLiveObjects: 0.315100 ms CreateObjectMapping: 0.264800 ms MarkObjects: 8.866600 ms  DeleteObjects: 0.116700 ms)

AssetImportParameters requested are different than current active one (requested -> active):
  custom:video-decoder-ogg-theora: a1e56fd34408186e4bbccfd4996cb3dc -> 
  custom:container-muxer-webm: aa71ff27fc2769a1b78a27578f13a17b -> 
  custom:container-demuxer-webm: 4f35f7cbe854078d1ac9338744f61a02 -> 
  custom:video-encoder-webm-vp8: eb34c28f22e8b96e1ab97ce403110664 -> 
  custom:audio-encoder-webm-vorbis: bf7c407c2cedff20999df2af8eb42d56 -> 
  custom:framework-win-MediaFoundation: 216162199b28c13a410421893ffa2e32 -> 
  custom:container-demuxer-ogg: 62fdf1f143b41e24485cea50d1cbac27 -> 
  custom:video-decoder-webm-vp8: 9c59270c3fd7afecdb556c50c9e8de78 -> 
  custom:audio-decoder-ogg-vorbis: bf7c407c2cedff20999df2af8eb42d56 -> 
========================================================================
Received Prepare
Registering precompiled user dll's ...
Registered in 0.010059 seconds.
Begin MonoManager ReloadAssembly
Symbol file LoadedFromMemory doesn't match image C:\Users\Interlab.INTERLAB-XPS\Documents\flavio\ARTrack-Demos\Library\PackageCache\com.unity.visualscripting@1.8.0\Editor\VisualScripting.Core\Dependencies\DotNetZip\Unity.VisualScripting.IonicZip.dll
Symbol file LoadedFromMemory doesn't match image C:\Users\Interlab.INTERLAB-XPS\Documents\flavio\ARTrack-Demos\Library\PackageCache\com.unity.visualscripting@1.8.0\Editor\VisualScripting.Core\Dependencies\YamlDotNet\Unity.VisualScripting.YamlDotNet.dll
Native extension for WindowsStandalone target not found
Refreshing native plugins compatible for Editor in 1.36 ms, found 3 plugins.
Preloading 0 native plugins for Editor in 0.00 ms.
Mono: successfully reloaded assembly
- Completed reload, in  1.496 seconds
Domain Reload Profiling:
	ReloadAssembly (1497ms)
		BeginReloadAssembly (157ms)
			ExecutionOrderSort (0ms)
			DisableScriptedObjects (6ms)
			BackupInstance (0ms)
			ReleaseScriptingObjects (0ms)
			CreateAndSetChildDomain (44ms)
		EndReloadAssembly (1218ms)
			LoadAssemblies (108ms)
			RebuildTransferFunctionScriptingTraits (0ms)
			SetupTypeCache (389ms)
			ReleaseScriptCaches (2ms)
			RebuildScriptCaches (62ms)
			SetupLoadedEditorAssemblies (593ms)
				LogAssemblyErrors (0ms)
				InitializePlatformSupportModulesInManaged (15ms)
				SetLoadedEditorAssemblies (1ms)
				RefreshPlugins (1ms)
				BeforeProcessingInitializeOnLoad (108ms)
				ProcessInitializeOnLoadAttributes (285ms)
				ProcessInitializeOnLoadMethodAttributes (172ms)
				AfterProcessingInitializeOnLoad (11ms)
				EditorAssembliesLoaded (0ms)
			ExecutionOrderSort2 (0ms)
			AwakeInstancesAfterBackupRestoration (8ms)
Platform modules already initialized, skipping
Refreshing native plugins compatible for Editor in 8.35 ms, found 3 plugins.
Preloading 0 native plugins for Editor in 0.00 ms.
Unloading 4490 Unused Serialized files (Serialized files now loaded: 0)
Unloading 58 unused Assets / (80.4 KB). Loaded Objects now: 5024.
Memory consumption went from 157.2 MB to 157.1 MB.
Total: 10.196500 ms (FindLiveObjects: 0.358400 ms CreateObjectMapping: 0.513100 ms MarkObjects: 9.148600 ms  DeleteObjects: 0.174900 ms)

AssetImportParameters requested are different than current active one (requested -> active):
  custom:video-decoder-ogg-theora: a1e56fd34408186e4bbccfd4996cb3dc -> 
  custom:container-muxer-webm: aa71ff27fc2769a1b78a27578f13a17b -> 
  custom:container-demuxer-webm: 4f35f7cbe854078d1ac9338744f61a02 -> 
  custom:video-encoder-webm-vp8: eb34c28f22e8b96e1ab97ce403110664 -> 
  custom:audio-encoder-webm-vorbis: bf7c407c2cedff20999df2af8eb42d56 -> 
  custom:framework-win-MediaFoundation: 216162199b28c13a410421893ffa2e32 -> 
  custom:container-demuxer-ogg: 62fdf1f143b41e24485cea50d1cbac27 -> 
  custom:video-decoder-webm-vp8: 9c59270c3fd7afecdb556c50c9e8de78 -> 
  custom:audio-decoder-ogg-vorbis: bf7c407c2cedff20999df2af8eb42d56 -> 
========================================================================
Received Prepare
Registering precompiled user dll's ...
Registered in 0.012641 seconds.
Begin MonoManager ReloadAssembly
Symbol file LoadedFromMemory doesn't match image C:\Users\Interlab.INTERLAB-XPS\Documents\flavio\ARTrack-Demos\Library\PackageCache\com.unity.visualscripting@1.8.0\Editor\VisualScripting.Core\Dependencies\DotNetZip\Unity.VisualScripting.IonicZip.dll
Symbol file LoadedFromMemory doesn't match image C:\Users\Interlab.INTERLAB-XPS\Documents\flavio\ARTrack-Demos\Library\PackageCache\com.unity.visualscripting@1.8.0\Editor\VisualScripting.Core\Dependencies\YamlDotNet\Unity.VisualScripting.YamlDotNet.dll
Native extension for WindowsStandalone target not found
Refreshing native plugins compatible for Editor in 1.24 ms, found 3 plugins.
Preloading 0 native plugins for Editor in 0.00 ms.
Mono: successfully reloaded assembly
- Completed reload, in  1.556 seconds
Domain Reload Profiling:
	ReloadAssembly (1557ms)
		BeginReloadAssembly (161ms)
			ExecutionOrderSort (0ms)
			DisableScriptedObjects (6ms)
			BackupInstance (0ms)
			ReleaseScriptingObjects (0ms)
			CreateAndSetChildDomain (39ms)
		EndReloadAssembly (1260ms)
			LoadAssemblies (126ms)
			RebuildTransferFunctionScriptingTraits (0ms)
			SetupTypeCache (402ms)
			ReleaseScriptCaches (2ms)
			RebuildScriptCaches (64ms)
			SetupLoadedEditorAssemblies (600ms)
				LogAssemblyErrors (0ms)
				InitializePlatformSupportModulesInManaged (16ms)
				SetLoadedEditorAssemblies (1ms)
				RefreshPlugins (1ms)
				BeforeProcessingInitializeOnLoad (114ms)
				ProcessInitializeOnLoadAttributes (284ms)
				ProcessInitializeOnLoadMethodAttributes (173ms)
				AfterProcessingInitializeOnLoad (10ms)
				EditorAssembliesLoaded (0ms)
			ExecutionOrderSort2 (0ms)
			AwakeInstancesAfterBackupRestoration (8ms)
Platform modules already initialized, skipping
Refreshing native plugins compatible for Editor in 7.24 ms, found 3 plugins.
Preloading 0 native plugins for Editor in 0.00 ms.
Unloading 4490 Unused Serialized files (Serialized files now loaded: 0)
Unloading 58 unused Assets / (64.9 KB). Loaded Objects now: 5027.
Memory consumption went from 157.1 MB to 157.1 MB.
Total: 8.867300 ms (FindLiveObjects: 0.400900 ms CreateObjectMapping: 0.659900 ms MarkObjects: 7.671000 ms  DeleteObjects: 0.134200 ms)

AssetImportParameters requested are different than current active one (requested -> active):
  custom:video-decoder-ogg-theora: a1e56fd34408186e4bbccfd4996cb3dc -> 
  custom:container-muxer-webm: aa71ff27fc2769a1b78a27578f13a17b -> 
  custom:container-demuxer-webm: 4f35f7cbe854078d1ac9338744f61a02 -> 
  custom:video-encoder-webm-vp8: eb34c28f22e8b96e1ab97ce403110664 -> 
  custom:audio-encoder-webm-vorbis: bf7c407c2cedff20999df2af8eb42d56 -> 
  custom:framework-win-MediaFoundation: 216162199b28c13a410421893ffa2e32 -> 
  custom:container-demuxer-ogg: 62fdf1f143b41e24485cea50d1cbac27 -> 
  custom:video-decoder-webm-vp8: 9c59270c3fd7afecdb556c50c9e8de78 -> 
  custom:audio-decoder-ogg-vorbis: bf7c407c2cedff20999df2af8eb42d56 -> 
========================================================================
Received Prepare
Registering precompiled user dll's ...
Registered in 0.007739 seconds.
Begin MonoManager ReloadAssembly
Symbol file LoadedFromMemory doesn't match image C:\Users\Interlab.INTERLAB-XPS\Documents\flavio\ARTrack-Demos\Library\PackageCache\com.unity.visualscripting@1.8.0\Editor\VisualScripting.Core\Dependencies\DotNetZip\Unity.VisualScripting.IonicZip.dll
Symbol file LoadedFromMemory doesn't match image C:\Users\Interlab.INTERLAB-XPS\Documents\flavio\ARTrack-Demos\Library\PackageCache\com.unity.visualscripting@1.8.0\Editor\VisualScripting.Core\Dependencies\YamlDotNet\Unity.VisualScripting.YamlDotNet.dll
Native extension for WindowsStandalone target not found
Refreshing native plugins compatible for Editor in 1.65 ms, found 3 plugins.
Preloading 0 native plugins for Editor in 0.00 ms.
Mono: successfully reloaded assembly
- Completed reload, in  1.368 seconds
Domain Reload Profiling:
	ReloadAssembly (1369ms)
		BeginReloadAssembly (139ms)
			ExecutionOrderSort (0ms)
			DisableScriptedObjects (9ms)
			BackupInstance (0ms)
			ReleaseScriptingObjects (0ms)
			CreateAndSetChildDomain (39ms)
		EndReloadAssembly (1127ms)
			LoadAssemblies (96ms)
			RebuildTransferFunctionScriptingTraits (0ms)
			SetupTypeCache (348ms)
			ReleaseScriptCaches (2ms)
			RebuildScriptCaches (63ms)
			SetupLoadedEditorAssemblies (551ms)
				LogAssemblyErrors (0ms)
				InitializePlatformSupportModulesInManaged (14ms)
				SetLoadedEditorAssemblies (1ms)
				RefreshPlugins (2ms)
				BeforeProcessingInitializeOnLoad (104ms)
				ProcessInitializeOnLoadAttributes (270ms)
				ProcessInitializeOnLoadMethodAttributes (150ms)
				AfterProcessingInitializeOnLoad (10ms)
				EditorAssembliesLoaded (0ms)
			ExecutionOrderSort2 (0ms)
			AwakeInstancesAfterBackupRestoration (7ms)
Platform modules already initialized, skipping
Refreshing native plugins compatible for Editor in 8.58 ms, found 3 plugins.
Preloading 0 native plugins for Editor in 0.00 ms.
Unloading 4490 Unused Serialized files (Serialized files now loaded: 0)
Unloading 58 unused Assets / (64.9 KB). Loaded Objects now: 5030.
Memory consumption went from 157.2 MB to 157.1 MB.
Total: 7.142500 ms (FindLiveObjects: 0.440600 ms CreateObjectMapping: 0.453500 ms MarkObjects: 6.122600 ms  DeleteObjects: 0.124500 ms)

AssetImportParameters requested are different than current active one (requested -> active):
  custom:video-decoder-ogg-theora: a1e56fd34408186e4bbccfd4996cb3dc -> 
  custom:container-muxer-webm: aa71ff27fc2769a1b78a27578f13a17b -> 
  custom:container-demuxer-webm: 4f35f7cbe854078d1ac9338744f61a02 -> 
  custom:video-encoder-webm-vp8: eb34c28f22e8b96e1ab97ce403110664 -> 
  custom:audio-encoder-webm-vorbis: bf7c407c2cedff20999df2af8eb42d56 -> 
  custom:framework-win-MediaFoundation: 216162199b28c13a410421893ffa2e32 -> 
  custom:container-demuxer-ogg: 62fdf1f143b41e24485cea50d1cbac27 -> 
  custom:video-decoder-webm-vp8: 9c59270c3fd7afecdb556c50c9e8de78 -> 
  custom:audio-decoder-ogg-vorbis: bf7c407c2cedff20999df2af8eb42d56 -> 
========================================================================
Received Prepare
Registering precompiled user dll's ...
Registered in 0.015418 seconds.
Begin MonoManager ReloadAssembly
Symbol file LoadedFromMemory doesn't match image C:\Users\Interlab.INTERLAB-XPS\Documents\flavio\ARTrack-Demos\Library\PackageCache\com.unity.visualscripting@1.8.0\Editor\VisualScripting.Core\Dependencies\DotNetZip\Unity.VisualScripting.IonicZip.dll
Symbol file LoadedFromMemory doesn't match image C:\Users\Interlab.INTERLAB-XPS\Documents\flavio\ARTrack-Demos\Library\PackageCache\com.unity.visualscripting@1.8.0\Editor\VisualScripting.Core\Dependencies\YamlDotNet\Unity.VisualScripting.YamlDotNet.dll
Native extension for WindowsStandalone target not found
Refreshing native plugins compatible for Editor in 0.95 ms, found 3 plugins.
Preloading 0 native plugins for Editor in 0.00 ms.
Mono: successfully reloaded assembly
- Completed reload, in  1.426 seconds
Domain Reload Profiling:
	ReloadAssembly (1427ms)
		BeginReloadAssembly (159ms)
			ExecutionOrderSort (0ms)
			DisableScriptedObjects (6ms)
			BackupInstance (0ms)
			ReleaseScriptingObjects (0ms)
			CreateAndSetChildDomain (45ms)
		EndReloadAssembly (1170ms)
			LoadAssemblies (98ms)
			RebuildTransferFunctionScriptingTraits (0ms)
			SetupTypeCache (361ms)
			ReleaseScriptCaches (2ms)
			RebuildScriptCaches (58ms)
			SetupLoadedEditorAssemblies (568ms)
				LogAssemblyErrors (0ms)
				InitializePlatformSupportModulesInManaged (15ms)
				SetLoadedEditorAssemblies (0ms)
				RefreshPlugins (1ms)
				BeforeProcessingInitializeOnLoad (103ms)
				ProcessInitializeOnLoadAttributes (274ms)
				ProcessInitializeOnLoadMethodAttributes (162ms)
				AfterProcessingInitializeOnLoad (12ms)
				EditorAssembliesLoaded (0ms)
			ExecutionOrderSort2 (0ms)
			AwakeInstancesAfterBackupRestoration (8ms)
Platform modules already initialized, skipping
Refreshing native plugins compatible for Editor in 8.96 ms, found 3 plugins.
Preloading 0 native plugins for Editor in 0.00 ms.
Unloading 4490 Unused Serialized files (Serialized files now loaded: 0)
Unloading 58 unused Assets / (80.5 KB). Loaded Objects now: 5033.
Memory consumption went from 157.2 MB to 157.1 MB.
Total: 6.963600 ms (FindLiveObjects: 0.535200 ms CreateObjectMapping: 0.449900 ms MarkObjects: 5.849400 ms  DeleteObjects: 0.128300 ms)

AssetImportParameters requested are different than current active one (requested -> active):
  custom:video-decoder-ogg-theora: a1e56fd34408186e4bbccfd4996cb3dc -> 
  custom:container-muxer-webm: aa71ff27fc2769a1b78a27578f13a17b -> 
  custom:container-demuxer-webm: 4f35f7cbe854078d1ac9338744f61a02 -> 
  custom:video-encoder-webm-vp8: eb34c28f22e8b96e1ab97ce403110664 -> 
  custom:audio-encoder-webm-vorbis: bf7c407c2cedff20999df2af8eb42d56 -> 
  custom:framework-win-MediaFoundation: 216162199b28c13a410421893ffa2e32 -> 
  custom:container-demuxer-ogg: 62fdf1f143b41e24485cea50d1cbac27 -> 
  custom:video-decoder-webm-vp8: 9c59270c3fd7afecdb556c50c9e8de78 -> 
  custom:audio-decoder-ogg-vorbis: bf7c407c2cedff20999df2af8eb42d56 -> 
========================================================================
Received Import Request.
  Time since last request: 189.241057 seconds.
  path: Assets/Objs/skybox.mat
  artifactKey: Guid(920134463f8c0f84296f8f951c43c376) Importer(815301076,1909f56bfc062723c751e8b465ee728b)
Start importing Assets/Objs/skybox.mat using Guid(920134463f8c0f84296f8f951c43c376) Importer(815301076,1909f56bfc062723c751e8b465ee728b)  -> (artifact id: '100698723dc9393340be83f9dd5f0398') in 0.083440 seconds 
========================================================================
Received Import Request.
  Time since last request: 2.520087 seconds.
  path: Assets/Objs/Canvas.prefab
  artifactKey: Guid(75cdf2f1275845c4591c0c1c40b4ad96) Importer(815301076,1909f56bfc062723c751e8b465ee728b)
Start importing Assets/Objs/Canvas.prefab using Guid(75cdf2f1275845c4591c0c1c40b4ad96) Importer(815301076,1909f56bfc062723c751e8b465ee728b)  -> (artifact id: 'fba6f56ab1d47f6d416122a41f6d4eeb') in 0.031536 seconds 
========================================================================
Received Import Request.
  Time since last request: 0.000028 seconds.
  path: Assets/Objs/skybox.mat
  artifactKey: Guid(920134463f8c0f84296f8f951c43c376) Importer(815301076,1909f56bfc062723c751e8b465ee728b)
Start importing Assets/Objs/skybox.mat using Guid(920134463f8c0f84296f8f951c43c376) Importer(815301076,1909f56bfc062723c751e8b465ee728b)  -> (artifact id: '03ea2ba58e669c06df68daa9b2c3f824') in 0.018218 seconds 
========================================================================
Received Import Request.
  Time since last request: 5.155056 seconds.
  path: Assets/Scenes/CuboSimulado.unity
  artifactKey: Guid(57066a82dff51dc42aa4b66c09069cc8) Importer(815301076,1909f56bfc062723c751e8b465ee728b)
Start importing Assets/Scenes/CuboSimulado.unity using Guid(57066a82dff51dc42aa4b66c09069cc8) Importer(815301076,1909f56bfc062723c751e8b465ee728b)  -> (artifact id: 'a735efdf17d5d97f75f5e43772d6491d') in 0.002988 seconds 
========================================================================
Received Prepare
Registering precompiled user dll's ...
Registered in 0.011438 seconds.
Begin MonoManager ReloadAssembly
Symbol file LoadedFromMemory doesn't match image C:\Users\Interlab.INTERLAB-XPS\Documents\flavio\ARTrack-Demos\Library\PackageCache\com.unity.visualscripting@1.8.0\Editor\VisualScripting.Core\Dependencies\DotNetZip\Unity.VisualScripting.IonicZip.dll
Symbol file LoadedFromMemory doesn't match image C:\Users\Interlab.INTERLAB-XPS\Documents\flavio\ARTrack-Demos\Library\PackageCache\com.unity.visualscripting@1.8.0\Editor\VisualScripting.Core\Dependencies\YamlDotNet\Unity.VisualScripting.YamlDotNet.dll
Native extension for WindowsStandalone target not found
Refreshing native plugins compatible for Editor in 1.23 ms, found 3 plugins.
Preloading 0 native plugins for Editor in 0.00 ms.
Mono: successfully reloaded assembly
- Completed reload, in  1.480 seconds
Domain Reload Profiling:
	ReloadAssembly (1481ms)
		BeginReloadAssembly (168ms)
			ExecutionOrderSort (0ms)
			DisableScriptedObjects (6ms)
			BackupInstance (0ms)
			ReleaseScriptingObjects (0ms)
			CreateAndSetChildDomain (64ms)
		EndReloadAssembly (1206ms)
			LoadAssemblies (95ms)
			RebuildTransferFunctionScriptingTraits (0ms)
			SetupTypeCache (408ms)
			ReleaseScriptCaches (2ms)
			RebuildScriptCaches (51ms)
			SetupLoadedEditorAssemblies (579ms)
				LogAssemblyErrors (0ms)
				InitializePlatformSupportModulesInManaged (16ms)
				SetLoadedEditorAssemblies (1ms)
				RefreshPlugins (1ms)
				BeforeProcessingInitializeOnLoad (110ms)
				ProcessInitializeOnLoadAttributes (275ms)
				ProcessInitializeOnLoadMethodAttributes (166ms)
				AfterProcessingInitializeOnLoad (10ms)
				EditorAssembliesLoaded (0ms)
			ExecutionOrderSort2 (0ms)
			AwakeInstancesAfterBackupRestoration (8ms)
Platform modules already initialized, skipping
Refreshing native plugins compatible for Editor in 8.50 ms, found 3 plugins.
Preloading 0 native plugins for Editor in 0.00 ms.
Unloading 4490 Unused Serialized files (Serialized files now loaded: 0)
Unloading 58 unused Assets / (88.0 KB). Loaded Objects now: 5039.
Memory consumption went from 157.3 MB to 157.2 MB.
Total: 8.660200 ms (FindLiveObjects: 1.053600 ms CreateObjectMapping: 0.401000 ms MarkObjects: 7.053900 ms  DeleteObjects: 0.150300 ms)

AssetImportParameters requested are different than current active one (requested -> active):
  custom:video-decoder-ogg-theora: a1e56fd34408186e4bbccfd4996cb3dc -> 
  custom:container-muxer-webm: aa71ff27fc2769a1b78a27578f13a17b -> 
  custom:container-demuxer-webm: 4f35f7cbe854078d1ac9338744f61a02 -> 
  custom:video-encoder-webm-vp8: eb34c28f22e8b96e1ab97ce403110664 -> 
  custom:audio-encoder-webm-vorbis: bf7c407c2cedff20999df2af8eb42d56 -> 
  custom:framework-win-MediaFoundation: 216162199b28c13a410421893ffa2e32 -> 
  custom:container-demuxer-ogg: 62fdf1f143b41e24485cea50d1cbac27 -> 
  custom:video-decoder-webm-vp8: 9c59270c3fd7afecdb556c50c9e8de78 -> 
  custom:audio-decoder-ogg-vorbis: bf7c407c2cedff20999df2af8eb42d56 -> 
========================================================================
Received Prepare
Registering precompiled user dll's ...
Registered in 0.009907 seconds.
Begin MonoManager ReloadAssembly
Symbol file LoadedFromMemory doesn't match image C:\Users\Interlab.INTERLAB-XPS\Documents\flavio\ARTrack-Demos\Library\PackageCache\com.unity.visualscripting@1.8.0\Editor\VisualScripting.Core\Dependencies\DotNetZip\Unity.VisualScripting.IonicZip.dll
Symbol file LoadedFromMemory doesn't match image C:\Users\Interlab.INTERLAB-XPS\Documents\flavio\ARTrack-Demos\Library\PackageCache\com.unity.visualscripting@1.8.0\Editor\VisualScripting.Core\Dependencies\YamlDotNet\Unity.VisualScripting.YamlDotNet.dll
Native extension for WindowsStandalone target not found
Refreshing native plugins compatible for Editor in 1.27 ms, found 3 plugins.
Preloading 0 native plugins for Editor in 0.00 ms.
Mono: successfully reloaded assembly
- Completed reload, in  1.516 seconds
Domain Reload Profiling:
	ReloadAssembly (1517ms)
		BeginReloadAssembly (149ms)
			ExecutionOrderSort (0ms)
			DisableScriptedObjects (9ms)
			BackupInstance (0ms)
			ReleaseScriptingObjects (0ms)
			CreateAndSetChildDomain (41ms)
		EndReloadAssembly (1260ms)
			LoadAssemblies (101ms)
			RebuildTransferFunctionScriptingTraits (0ms)
			SetupTypeCache (405ms)
			ReleaseScriptCaches (2ms)
			RebuildScriptCaches (69ms)
			SetupLoadedEditorAssemblies (605ms)
				LogAssemblyErrors (0ms)
				InitializePlatformSupportModulesInManaged (18ms)
				SetLoadedEditorAssemblies (0ms)
				RefreshPlugins (1ms)
				BeforeProcessingInitializeOnLoad (114ms)
				ProcessInitializeOnLoadAttributes (284ms)
				ProcessInitializeOnLoadMethodAttributes (176ms)
				AfterProcessingInitializeOnLoad (12ms)
				EditorAssembliesLoaded (0ms)
			ExecutionOrderSort2 (0ms)
			AwakeInstancesAfterBackupRestoration (7ms)
Platform modules already initialized, skipping
Refreshing native plugins compatible for Editor in 6.74 ms, found 3 plugins.
Preloading 0 native plugins for Editor in 0.00 ms.
Unloading 4490 Unused Serialized files (Serialized files now loaded: 0)
Unloading 58 unused Assets / (80.4 KB). Loaded Objects now: 5042.
Memory consumption went from 157.3 MB to 157.2 MB.
Total: 8.510100 ms (FindLiveObjects: 0.494300 ms CreateObjectMapping: 0.457900 ms MarkObjects: 7.447100 ms  DeleteObjects: 0.109500 ms)

AssetImportParameters requested are different than current active one (requested -> active):
  custom:video-decoder-ogg-theora: a1e56fd34408186e4bbccfd4996cb3dc -> 
  custom:container-muxer-webm: aa71ff27fc2769a1b78a27578f13a17b -> 
  custom:container-demuxer-webm: 4f35f7cbe854078d1ac9338744f61a02 -> 
  custom:video-encoder-webm-vp8: eb34c28f22e8b96e1ab97ce403110664 -> 
  custom:audio-encoder-webm-vorbis: bf7c407c2cedff20999df2af8eb42d56 -> 
  custom:framework-win-MediaFoundation: 216162199b28c13a410421893ffa2e32 -> 
  custom:container-demuxer-ogg: 62fdf1f143b41e24485cea50d1cbac27 -> 
  custom:video-decoder-webm-vp8: 9c59270c3fd7afecdb556c50c9e8de78 -> 
  custom:audio-decoder-ogg-vorbis: bf7c407c2cedff20999df2af8eb42d56 -> 
========================================================================
Received Prepare
Registering precompiled user dll's ...
Registered in 0.012346 seconds.
Begin MonoManager ReloadAssembly
Symbol file LoadedFromMemory doesn't match image C:\Users\Interlab.INTERLAB-XPS\Documents\flavio\ARTrack-Demos\Library\PackageCache\com.unity.visualscripting@1.8.0\Editor\VisualScripting.Core\Dependencies\DotNetZip\Unity.VisualScripting.IonicZip.dll
Symbol file LoadedFromMemory doesn't match image C:\Users\Interlab.INTERLAB-XPS\Documents\flavio\ARTrack-Demos\Library\PackageCache\com.unity.visualscripting@1.8.0\Editor\VisualScripting.Core\Dependencies\YamlDotNet\Unity.VisualScripting.YamlDotNet.dll
Native extension for WindowsStandalone target not found
Refreshing native plugins compatible for Editor in 1.92 ms, found 3 plugins.
Preloading 0 native plugins for Editor in 0.00 ms.
Mono: successfully reloaded assembly
- Completed reload, in  1.444 seconds
Domain Reload Profiling:
	ReloadAssembly (1445ms)
		BeginReloadAssembly (137ms)
			ExecutionOrderSort (0ms)
			DisableScriptedObjects (8ms)
			BackupInstance (0ms)
			ReleaseScriptingObjects (0ms)
			CreateAndSetChildDomain (34ms)
		EndReloadAssembly (1201ms)
			LoadAssemblies (98ms)
			RebuildTransferFunctionScriptingTraits (0ms)
			SetupTypeCache (379ms)
			ReleaseScriptCaches (2ms)
			RebuildScriptCaches (77ms)
			SetupLoadedEditorAssemblies (574ms)
				LogAssemblyErrors (0ms)
				InitializePlatformSupportModulesInManaged (11ms)
				SetLoadedEditorAssemblies (1ms)
				RefreshPlugins (2ms)
				BeforeProcessingInitializeOnLoad (107ms)
				ProcessInitializeOnLoadAttributes (276ms)
				ProcessInitializeOnLoadMethodAttributes (165ms)
				AfterProcessingInitializeOnLoad (12ms)
				EditorAssembliesLoaded (0ms)
			ExecutionOrderSort2 (0ms)
			AwakeInstancesAfterBackupRestoration (8ms)
Platform modules already initialized, skipping
Refreshing native plugins compatible for Editor in 9.41 ms, found 3 plugins.
Preloading 0 native plugins for Editor in 0.00 ms.
Unloading 4490 Unused Serialized files (Serialized files now loaded: 0)
Unloading 58 unused Assets / (64.8 KB). Loaded Objects now: 5045.
Memory consumption went from 157.3 MB to 157.2 MB.
Total: 8.664100 ms (FindLiveObjects: 0.373600 ms CreateObjectMapping: 1.505900 ms MarkObjects: 6.677800 ms  DeleteObjects: 0.106000 ms)

AssetImportParameters requested are different than current active one (requested -> active):
  custom:video-decoder-ogg-theora: a1e56fd34408186e4bbccfd4996cb3dc -> 
  custom:container-muxer-webm: aa71ff27fc2769a1b78a27578f13a17b -> 
  custom:container-demuxer-webm: 4f35f7cbe854078d1ac9338744f61a02 -> 
  custom:video-encoder-webm-vp8: eb34c28f22e8b96e1ab97ce403110664 -> 
  custom:audio-encoder-webm-vorbis: bf7c407c2cedff20999df2af8eb42d56 -> 
  custom:framework-win-MediaFoundation: 216162199b28c13a410421893ffa2e32 -> 
  custom:container-demuxer-ogg: 62fdf1f143b41e24485cea50d1cbac27 -> 
  custom:video-decoder-webm-vp8: 9c59270c3fd7afecdb556c50c9e8de78 -> 
  custom:audio-decoder-ogg-vorbis: bf7c407c2cedff20999df2af8eb42d56 -> 
