Using pre-set license
Built from '2021.3/release' branch; Version is '2021.3.17f1 (3e8111cac19d) revision 4096273'; Using compiler version '192829333'; Build Type 'Release'
OS: 'Windows 10  (10.0.19044) 64bit Professional' Language: 'pt' Physical Memory: 7985 MB
BatchMode: 1, IsHumanControllingUs: 0, StartBugReporterOnCrash: 0, Is64bit: 1, IsPro: 1

COMMAND LINE ARGUMENTS:
C:\Program Files\Unity\Hub\Editor\2021.3.17f1\Editor\Unity.exe
-adb2
-batchMode
-noUpm
-name
AssetImportWorker2
-projectPath
C:/Users/eglyz/Documents/flavio/ARTrack-Demos
-logFile
Logs/AssetImportWorker2.log
-srvPort
49973
Successfully changed project path to: C:/Users/eglyz/Documents/flavio/ARTrack-Demos
C:/Users/eglyz/Documents/flavio/ARTrack-Demos
[UnityMemory] Configuration Parameters - Can be set up in boot.config
    "memorysetup-bucket-allocator-granularity=16"
    "memorysetup-bucket-allocator-bucket-count=8"
    "memorysetup-bucket-allocator-block-size=33554432"
    "memorysetup-bucket-allocator-block-count=8"
    "memorysetup-main-allocator-block-size=16777216"
    "memorysetup-thread-allocator-block-size=16777216"
    "memorysetup-gfx-main-allocator-block-size=16777216"
    "memorysetup-gfx-thread-allocator-block-size=16777216"
    "memorysetup-cache-allocator-block-size=4194304"
    "memorysetup-typetree-allocator-block-size=2097152"
    "memorysetup-profiler-bucket-allocator-granularity=16"
    "memorysetup-profiler-bucket-allocator-bucket-count=8"
    "memorysetup-profiler-bucket-allocator-block-size=33554432"
    "memorysetup-profiler-bucket-allocator-block-count=8"
    "memorysetup-profiler-allocator-block-size=16777216"
    "memorysetup-profiler-editor-allocator-block-size=1048576"
    "memorysetup-temp-allocator-size-main=16777216"
    "memorysetup-job-temp-allocator-block-size=2097152"
    "memorysetup-job-temp-allocator-block-size-background=1048576"
    "memorysetup-job-temp-allocator-reduction-small-platforms=262144"
    "memorysetup-temp-allocator-size-background-worker=32768"
    "memorysetup-temp-allocator-size-job-worker=262144"
    "memorysetup-temp-allocator-size-preload-manager=33554432"
    "memorysetup-temp-allocator-size-nav-mesh-worker=65536"
    "memorysetup-temp-allocator-size-audio-worker=65536"
    "memorysetup-temp-allocator-size-cloud-worker=32768"
    "memorysetup-temp-allocator-size-gi-baking-worker=262144"
    "memorysetup-temp-allocator-size-gfx=262144"
Player connection [8132] Host "[IP] 192.168.15.8 [Port] 0 [Flags] 2 [Guid] 2495260019 [EditorId] 2495260019 [Version] 1048832 [Id] WindowsEditor(7,DESKTOP-ACHTOR0) [Debug] 1 [PackageName] WindowsEditor [ProjectName] Editor" joined multi-casting on [225.0.0.222:54997]...

Player connection [8132] Host "[IP] 192.168.15.8 [Port] 0 [Flags] 2 [Guid] 2495260019 [EditorId] 2495260019 [Version] 1048832 [Id] WindowsEditor(7,DESKTOP-ACHTOR0) [Debug] 1 [PackageName] WindowsEditor [ProjectName] Editor" joined alternative multi-casting on [225.0.0.222:34997]...

Refreshing native plugins compatible for Editor in 212.30 ms, found 3 plugins.
Preloading 0 native plugins for Editor in 0.00 ms.
Initialize engine version: 2021.3.17f1 (3e8111cac19d)
[Subsystems] Discovering subsystems at path C:/Program Files/Unity/Hub/Editor/2021.3.17f1/Editor/Data/Resources/UnitySubsystems
[Subsystems] Discovering subsystems at path C:/Users/eglyz/Documents/flavio/ARTrack-Demos/Assets
GfxDevice: creating device client; threaded=0; jobified=0
Direct3D:
    Version:  Direct3D 11.0 [level 11.1]
    Renderer: Intel(R) HD Graphics 4600 (ID=0x412)
    Vendor:   Intel
    VRAM:     2048 MB
    Driver:   20.19.15.4326
Initialize mono
Mono path[0] = 'C:/Program Files/Unity/Hub/Editor/2021.3.17f1/Editor/Data/Managed'
Mono path[1] = 'C:/Program Files/Unity/Hub/Editor/2021.3.17f1/Editor/Data/MonoBleedingEdge/lib/mono/unityjit-win32'
Mono config path = 'C:/Program Files/Unity/Hub/Editor/2021.3.17f1/Editor/Data/MonoBleedingEdge/etc'
Using monoOptions --debugger-agent=transport=dt_socket,embedding=1,server=y,suspend=n,address=127.0.0.1:56088
Begin MonoManager ReloadAssembly
Registering precompiled unity dll's ...
Register platform support module: C:/Program Files/Unity/Hub/Editor/2021.3.17f1/Editor/Data/PlaybackEngines/WindowsStandaloneSupport/UnityEditor.WindowsStandalone.Extensions.dll
Registered in 0.021051 seconds.
Native extension for WindowsStandalone target not found
Refreshing native plugins compatible for Editor in 159.38 ms, found 3 plugins.
Preloading 0 native plugins for Editor in 0.00 ms.
Mono: successfully reloaded assembly
- Completed reload, in  1.086 seconds
Domain Reload Profiling:
	ReloadAssembly (1087ms)
		BeginReloadAssembly (161ms)
			ExecutionOrderSort (0ms)
			DisableScriptedObjects (0ms)
			BackupInstance (0ms)
			ReleaseScriptingObjects (0ms)
			CreateAndSetChildDomain (1ms)
		EndReloadAssembly (729ms)
			LoadAssemblies (155ms)
			RebuildTransferFunctionScriptingTraits (0ms)
			SetupTypeCache (150ms)
			ReleaseScriptCaches (0ms)
			RebuildScriptCaches (50ms)
			SetupLoadedEditorAssemblies (427ms)
				LogAssemblyErrors (0ms)
				InitializePlatformSupportModulesInManaged (19ms)
				SetLoadedEditorAssemblies (0ms)
				RefreshPlugins (159ms)
				BeforeProcessingInitializeOnLoad (2ms)
				ProcessInitializeOnLoadAttributes (173ms)
				ProcessInitializeOnLoadMethodAttributes (74ms)
				AfterProcessingInitializeOnLoad (0ms)
				EditorAssembliesLoaded (0ms)
			ExecutionOrderSort2 (0ms)
			AwakeInstancesAfterBackupRestoration (0ms)
Platform modules already initialized, skipping
Registering precompiled user dll's ...
Registered in 0.018620 seconds.
Begin MonoManager ReloadAssembly
Symbol file LoadedFromMemory doesn't match image C:\Users\eglyz\Documents\flavio\ARTrack-Demos\Library\PackageCache\com.unity.visualscripting@1.8.0\Editor\VisualScripting.Core\Dependencies\DotNetZip\Unity.VisualScripting.IonicZip.dll
Symbol file LoadedFromMemory doesn't match image C:\Users\eglyz\Documents\flavio\ARTrack-Demos\Library\PackageCache\com.unity.visualscripting@1.8.0\Editor\VisualScripting.Core\Dependencies\YamlDotNet\Unity.VisualScripting.YamlDotNet.dll
Native extension for WindowsStandalone target not found
Refreshing native plugins compatible for Editor in 1.47 ms, found 3 plugins.
Preloading 0 native plugins for Editor in 0.00 ms.
Mono: successfully reloaded assembly
- Completed reload, in  2.010 seconds
Domain Reload Profiling:
	ReloadAssembly (2011ms)
		BeginReloadAssembly (170ms)
			ExecutionOrderSort (0ms)
			DisableScriptedObjects (7ms)
			BackupInstance (0ms)
			ReleaseScriptingObjects (0ms)
			CreateAndSetChildDomain (25ms)
		EndReloadAssembly (1653ms)
			LoadAssemblies (159ms)
			RebuildTransferFunctionScriptingTraits (0ms)
			SetupTypeCache (562ms)
			ReleaseScriptCaches (1ms)
			RebuildScriptCaches (77ms)
			SetupLoadedEditorAssemblies (762ms)
				LogAssemblyErrors (0ms)
				InitializePlatformSupportModulesInManaged (17ms)
				SetLoadedEditorAssemblies (2ms)
				RefreshPlugins (2ms)
				BeforeProcessingInitializeOnLoad (191ms)
				ProcessInitializeOnLoadAttributes (349ms)
				ProcessInitializeOnLoadMethodAttributes (179ms)
				AfterProcessingInitializeOnLoad (22ms)
				EditorAssembliesLoaded (0ms)
			ExecutionOrderSort2 (0ms)
			AwakeInstancesAfterBackupRestoration (10ms)
Platform modules already initialized, skipping
========================================================================
Worker process is ready to serve import requests
Launched and connected shader compiler UnityShaderCompiler.exe after 0.18 seconds
Refreshing native plugins compatible for Editor in 1.17 ms, found 3 plugins.
Preloading 0 native plugins for Editor in 0.00 ms.
Unloading 4502 Unused Serialized files (Serialized files now loaded: 0)
Unloading 67 unused Assets / (121.5 KB). Loaded Objects now: 4934.
Memory consumption went from 153.6 MB to 153.5 MB.
Total: 8.928800 ms (FindLiveObjects: 0.512600 ms CreateObjectMapping: 0.555900 ms MarkObjects: 7.663800 ms  DeleteObjects: 0.195200 ms)

AssetImportParameters requested are different than current active one (requested -> active):
  custom:video-decoder-ogg-theora: a1e56fd34408186e4bbccfd4996cb3dc -> 
  custom:container-muxer-webm: aa71ff27fc2769a1b78a27578f13a17b -> 
  custom:container-demuxer-webm: 4f35f7cbe854078d1ac9338744f61a02 -> 
  custom:video-encoder-webm-vp8: eb34c28f22e8b96e1ab97ce403110664 -> 
  custom:audio-encoder-webm-vorbis: bf7c407c2cedff20999df2af8eb42d56 -> 
  custom:framework-win-MediaFoundation: 216162199b28c13a410421893ffa2e32 -> 
  custom:container-demuxer-ogg: 62fdf1f143b41e24485cea50d1cbac27 -> 
  custom:video-decoder-webm-vp8: 9c59270c3fd7afecdb556c50c9e8de78 -> 
  custom:audio-decoder-ogg-vorbis: bf7c407c2cedff20999df2af8eb42d56 -> 
========================================================================
Received Import Request.
  Time since last request: 3032.059038 seconds.
  path: Assets/Materials/green.mat
  artifactKey: Guid(824544378e9a6fa40816bb7398924244) Importer(815301076,1909f56bfc062723c751e8b465ee728b)
Start importing Assets/Materials/green.mat using Guid(824544378e9a6fa40816bb7398924244) Importer(815301076,1909f56bfc062723c751e8b465ee728b)  -> (artifact id: 'a974032d276c7f323f58cfd2ec328480') in 0.299397 seconds 
========================================================================
Received Import Request.
  Time since last request: 0.001795 seconds.
  path: Assets/Materials/roxo.mat
  artifactKey: Guid(32fd783afb9bd1f439d4575590af83b7) Importer(815301076,1909f56bfc062723c751e8b465ee728b)
Start importing Assets/Materials/roxo.mat using Guid(32fd783afb9bd1f439d4575590af83b7) Importer(815301076,1909f56bfc062723c751e8b465ee728b)  -> (artifact id: '986fce87eba8ea5f1baf3a3afd13e06a') in 0.034462 seconds 
========================================================================
Received Import Request.
  Time since last request: 0.000043 seconds.
  path: Assets/Materials/black 1.mat
  artifactKey: Guid(5938e0ff43052d444b4fad7d7cdc23d4) Importer(815301076,1909f56bfc062723c751e8b465ee728b)
Start importing Assets/Materials/black 1.mat using Guid(5938e0ff43052d444b4fad7d7cdc23d4) Importer(815301076,1909f56bfc062723c751e8b465ee728b)  -> (artifact id: 'e291918a13d05b022dae3ea78a0153a0') in 0.029172 seconds 
========================================================================
Received Import Request.
  Time since last request: 0.000027 seconds.
  path: Assets/Materials/yellow.mat
  artifactKey: Guid(e1f7a9cd6060c5646a1cdd412b4b4122) Importer(815301076,1909f56bfc062723c751e8b465ee728b)
Start importing Assets/Materials/yellow.mat using Guid(e1f7a9cd6060c5646a1cdd412b4b4122) Importer(815301076,1909f56bfc062723c751e8b465ee728b)  -> (artifact id: '1000e5d34cebf25c35884a3fdf35fb65') in 0.022264 seconds 
========================================================================
Received Import Request.
  Time since last request: 0.000030 seconds.
  path: Assets/Materials/mat.mat
  artifactKey: Guid(bba4b10b229961c41b90e45f46e6439c) Importer(815301076,1909f56bfc062723c751e8b465ee728b)
Start importing Assets/Materials/mat.mat using Guid(bba4b10b229961c41b90e45f46e6439c) Importer(815301076,1909f56bfc062723c751e8b465ee728b)  -> (artifact id: '2eef86a8b77356ef7f1aac6ed706c632') in 0.025387 seconds 
========================================================================
Received Import Request.
  Time since last request: 0.000074 seconds.
  path: Assets/Materials/purple.mat
  artifactKey: Guid(b6437bd4236d9694e8161cd30354e8fc) Importer(815301076,1909f56bfc062723c751e8b465ee728b)
Start importing Assets/Materials/purple.mat using Guid(b6437bd4236d9694e8161cd30354e8fc) Importer(815301076,1909f56bfc062723c751e8b465ee728b)  -> (artifact id: 'a635893d91f207f7c2b600b05014fbde') in 0.019346 seconds 
========================================================================
Received Import Request.
  Time since last request: 0.000025 seconds.
  path: Assets/Materials/green_emit.mat
  artifactKey: Guid(a4eca13f717cd614c8d8e5dbc500c501) Importer(815301076,1909f56bfc062723c751e8b465ee728b)
Start importing Assets/Materials/green_emit.mat using Guid(a4eca13f717cd614c8d8e5dbc500c501) Importer(815301076,1909f56bfc062723c751e8b465ee728b)  -> (artifact id: '10934275f8a8902905302242aa413eaa') in 0.106531 seconds 
========================================================================
Received Import Request.
  Time since last request: 0.000055 seconds.
  path: Assets/Materials/mat2.mat
  artifactKey: Guid(f6f7d7b062ceb804ca6cdca9260347bd) Importer(815301076,1909f56bfc062723c751e8b465ee728b)
Start importing Assets/Materials/mat2.mat using Guid(f6f7d7b062ceb804ca6cdca9260347bd) Importer(815301076,1909f56bfc062723c751e8b465ee728b)  -> (artifact id: '6a552d1a3a1bae2d342445af9a059a83') in 0.048776 seconds 
========================================================================
Received Import Request.
  Time since last request: 0.000042 seconds.
  path: Assets/Materials/blue.mat
  artifactKey: Guid(018fee1e2f414ba4b948afc0265151c4) Importer(815301076,1909f56bfc062723c751e8b465ee728b)
Start importing Assets/Materials/blue.mat using Guid(018fee1e2f414ba4b948afc0265151c4) Importer(815301076,1909f56bfc062723c751e8b465ee728b)  -> (artifact id: 'fa80d1eecb9256e5add460f0f65f5781') in 0.048857 seconds 
========================================================================
Received Import Request.
  Time since last request: 0.000108 seconds.
  path: Assets/Materials/white.mat
  artifactKey: Guid(b00a67a83a767a54095b9fff71c5f7f9) Importer(815301076,1909f56bfc062723c751e8b465ee728b)
Start importing Assets/Materials/white.mat using Guid(b00a67a83a767a54095b9fff71c5f7f9) Importer(815301076,1909f56bfc062723c751e8b465ee728b)  -> (artifact id: '09c444f1d7bc43ba739d2451ddd7e3da') in 0.035814 seconds 
========================================================================
Received Import Request.
  Time since last request: 202.174832 seconds.
  path: Assets/Materials
  artifactKey: Guid(3c4b2e618a1adf646a5d29e31bfb66cb) Importer(815301076,1909f56bfc062723c751e8b465ee728b)
Start importing Assets/Materials using Guid(3c4b2e618a1adf646a5d29e31bfb66cb) Importer(815301076,1909f56bfc062723c751e8b465ee728b)  -> (artifact id: 'bdb1870ec33ae86224a7cef0c1fb595e') in 0.011674 seconds 
========================================================================
Received Import Request.
  Time since last request: 5.860720 seconds.
  path: Assets/Materials/azul.mat
  artifactKey: Guid(6cdf4046aa190cb438cc594e64f1e0de) Importer(815301076,1909f56bfc062723c751e8b465ee728b)
Start importing Assets/Materials/azul.mat using Guid(6cdf4046aa190cb438cc594e64f1e0de) Importer(815301076,1909f56bfc062723c751e8b465ee728b)  -> (artifact id: 'a1a852dab9230f09b78e86ba7b80d490') in 0.018116 seconds 
========================================================================
Received Import Request.
  Time since last request: 29.244612 seconds.
  path: Assets/Materials/vrede.mat
  artifactKey: Guid(99bf35742bd07a7478647f48d6fc6085) Importer(815301076,1909f56bfc062723c751e8b465ee728b)
Start importing Assets/Materials/vrede.mat using Guid(99bf35742bd07a7478647f48d6fc6085) Importer(815301076,1909f56bfc062723c751e8b465ee728b)  -> (artifact id: '454950f1d370acd86829381dbd8477e5') in 0.015960 seconds 
========================================================================
Received Import Request.
  Time since last request: 4.538469 seconds.
  path: Assets/Materials/verde.mat
  artifactKey: Guid(99bf35742bd07a7478647f48d6fc6085) Importer(815301076,1909f56bfc062723c751e8b465ee728b)
Start importing Assets/Materials/verde.mat using Guid(99bf35742bd07a7478647f48d6fc6085) Importer(815301076,1909f56bfc062723c751e8b465ee728b)  -> (artifact id: 'b7e667a61c18c25d0d8fc5c98da44f93') in 0.016757 seconds 
========================================================================
Received Import Request.
  Time since last request: 1630.603077 seconds.
  path: Assets/Materials/azul.mat
  artifactKey: Guid(6cdf4046aa190cb438cc594e64f1e0de) Importer(815301076,1909f56bfc062723c751e8b465ee728b)
Start importing Assets/Materials/azul.mat using Guid(6cdf4046aa190cb438cc594e64f1e0de) Importer(815301076,1909f56bfc062723c751e8b465ee728b)  -> (artifact id: '5bfad5e8f3d4a24fec4e06722ee99694') in 0.022098 seconds 
========================================================================
Received Import Request.
  Time since last request: 0.000035 seconds.
  path: Assets/Materials/roxo.mat
  artifactKey: Guid(32fd783afb9bd1f439d4575590af83b7) Importer(815301076,1909f56bfc062723c751e8b465ee728b)
Start importing Assets/Materials/roxo.mat using Guid(32fd783afb9bd1f439d4575590af83b7) Importer(815301076,1909f56bfc062723c751e8b465ee728b)  -> (artifact id: '53e441dca53926cd1e7dd4d1ddf53cc8') in 0.014491 seconds 
========================================================================
Received Import Request.
  Time since last request: 0.000030 seconds.
  path: Assets/Materials/verde.mat
  artifactKey: Guid(99bf35742bd07a7478647f48d6fc6085) Importer(815301076,1909f56bfc062723c751e8b465ee728b)
Start importing Assets/Materials/verde.mat using Guid(99bf35742bd07a7478647f48d6fc6085) Importer(815301076,1909f56bfc062723c751e8b465ee728b)  -> (artifact id: 'eeebec44b3f1ab6f826da400e508392b') in 0.013339 seconds 
========================================================================
Received Prepare
Registering precompiled user dll's ...
Registered in 0.018322 seconds.
Begin MonoManager ReloadAssembly
Symbol file LoadedFromMemory doesn't match image C:\Users\eglyz\Documents\flavio\ARTrack-Demos\Library\PackageCache\com.unity.visualscripting@1.8.0\Editor\VisualScripting.Core\Dependencies\DotNetZip\Unity.VisualScripting.IonicZip.dll
Symbol file LoadedFromMemory doesn't match image C:\Users\eglyz\Documents\flavio\ARTrack-Demos\Library\PackageCache\com.unity.visualscripting@1.8.0\Editor\VisualScripting.Core\Dependencies\YamlDotNet\Unity.VisualScripting.YamlDotNet.dll
Native extension for WindowsStandalone target not found
Refreshing native plugins compatible for Editor in 1.26 ms, found 3 plugins.
Preloading 0 native plugins for Editor in 0.00 ms.
Mono: successfully reloaded assembly
- Completed reload, in  1.823 seconds
Domain Reload Profiling:
	ReloadAssembly (1824ms)
		BeginReloadAssembly (292ms)
			ExecutionOrderSort (0ms)
			DisableScriptedObjects (12ms)
			BackupInstance (0ms)
			ReleaseScriptingObjects (0ms)
			CreateAndSetChildDomain (78ms)
		EndReloadAssembly (1345ms)
			LoadAssemblies (191ms)
			RebuildTransferFunctionScriptingTraits (0ms)
			SetupTypeCache (418ms)
			ReleaseScriptCaches (2ms)
			RebuildScriptCaches (86ms)
			SetupLoadedEditorAssemblies (622ms)
				LogAssemblyErrors (0ms)
				InitializePlatformSupportModulesInManaged (19ms)
				SetLoadedEditorAssemblies (1ms)
				RefreshPlugins (1ms)
				BeforeProcessingInitializeOnLoad (136ms)
				ProcessInitializeOnLoadAttributes (274ms)
				ProcessInitializeOnLoadMethodAttributes (170ms)
				AfterProcessingInitializeOnLoad (21ms)
				EditorAssembliesLoaded (0ms)
			ExecutionOrderSort2 (0ms)
			AwakeInstancesAfterBackupRestoration (10ms)
Platform modules already initialized, skipping
Refreshing native plugins compatible for Editor in 10.57 ms, found 3 plugins.
Preloading 0 native plugins for Editor in 0.00 ms.
Unloading 4521 Unused Serialized files (Serialized files now loaded: 0)
Unloading 69 unused Assets / (0.7 MB). Loaded Objects now: 5012.
Memory consumption went from 158.5 MB to 157.7 MB.
Total: 21.560700 ms (FindLiveObjects: 0.529900 ms CreateObjectMapping: 2.103000 ms MarkObjects: 17.844400 ms  DeleteObjects: 1.079000 ms)

AssetImportParameters requested are different than current active one (requested -> active):
  custom:video-decoder-ogg-theora: a1e56fd34408186e4bbccfd4996cb3dc -> 
  custom:container-muxer-webm: aa71ff27fc2769a1b78a27578f13a17b -> 
  custom:container-demuxer-webm: 4f35f7cbe854078d1ac9338744f61a02 -> 
  custom:video-encoder-webm-vp8: eb34c28f22e8b96e1ab97ce403110664 -> 
  custom:audio-encoder-webm-vorbis: bf7c407c2cedff20999df2af8eb42d56 -> 
  custom:framework-win-MediaFoundation: 216162199b28c13a410421893ffa2e32 -> 
  custom:container-demuxer-ogg: 62fdf1f143b41e24485cea50d1cbac27 -> 
  custom:video-decoder-webm-vp8: 9c59270c3fd7afecdb556c50c9e8de78 -> 
  custom:audio-decoder-ogg-vorbis: bf7c407c2cedff20999df2af8eb42d56 -> 
========================================================================
Received Prepare
Registering precompiled user dll's ...
Registered in 0.017100 seconds.
Begin MonoManager ReloadAssembly
Symbol file LoadedFromMemory doesn't match image C:\Users\eglyz\Documents\flavio\ARTrack-Demos\Library\PackageCache\com.unity.visualscripting@1.8.0\Editor\VisualScripting.Core\Dependencies\DotNetZip\Unity.VisualScripting.IonicZip.dll
Symbol file LoadedFromMemory doesn't match image C:\Users\eglyz\Documents\flavio\ARTrack-Demos\Library\PackageCache\com.unity.visualscripting@1.8.0\Editor\VisualScripting.Core\Dependencies\YamlDotNet\Unity.VisualScripting.YamlDotNet.dll
Native extension for WindowsStandalone target not found
Refreshing native plugins compatible for Editor in 1.32 ms, found 3 plugins.
Preloading 0 native plugins for Editor in 0.00 ms.
Mono: successfully reloaded assembly
- Completed reload, in  1.862 seconds
Domain Reload Profiling:
	ReloadAssembly (1863ms)
		BeginReloadAssembly (327ms)
			ExecutionOrderSort (0ms)
			DisableScriptedObjects (10ms)
			BackupInstance (0ms)
			ReleaseScriptingObjects (0ms)
			CreateAndSetChildDomain (96ms)
		EndReloadAssembly (1337ms)
			LoadAssemblies (216ms)
			RebuildTransferFunctionScriptingTraits (0ms)
			SetupTypeCache (419ms)
			ReleaseScriptCaches (2ms)
			RebuildScriptCaches (60ms)
			SetupLoadedEditorAssemblies (639ms)
				LogAssemblyErrors (0ms)
				InitializePlatformSupportModulesInManaged (21ms)
				SetLoadedEditorAssemblies (1ms)
				RefreshPlugins (1ms)
				BeforeProcessingInitializeOnLoad (140ms)
				ProcessInitializeOnLoadAttributes (283ms)
				ProcessInitializeOnLoadMethodAttributes (168ms)
				AfterProcessingInitializeOnLoad (25ms)
				EditorAssembliesLoaded (0ms)
			ExecutionOrderSort2 (0ms)
			AwakeInstancesAfterBackupRestoration (10ms)
Platform modules already initialized, skipping
Refreshing native plugins compatible for Editor in 12.40 ms, found 3 plugins.
Preloading 0 native plugins for Editor in 0.00 ms.
Unloading 4521 Unused Serialized files (Serialized files now loaded: 0)
Unloading 69 unused Assets / (0.7 MB). Loaded Objects now: 5015.
Memory consumption went from 158.5 MB to 157.8 MB.
Total: 8.420000 ms (FindLiveObjects: 0.406200 ms CreateObjectMapping: 0.196100 ms MarkObjects: 7.295300 ms  DeleteObjects: 0.521200 ms)

AssetImportParameters requested are different than current active one (requested -> active):
  custom:video-decoder-ogg-theora: a1e56fd34408186e4bbccfd4996cb3dc -> 
  custom:container-muxer-webm: aa71ff27fc2769a1b78a27578f13a17b -> 
  custom:container-demuxer-webm: 4f35f7cbe854078d1ac9338744f61a02 -> 
  custom:video-encoder-webm-vp8: eb34c28f22e8b96e1ab97ce403110664 -> 
  custom:audio-encoder-webm-vorbis: bf7c407c2cedff20999df2af8eb42d56 -> 
  custom:framework-win-MediaFoundation: 216162199b28c13a410421893ffa2e32 -> 
  custom:container-demuxer-ogg: 62fdf1f143b41e24485cea50d1cbac27 -> 
  custom:video-decoder-webm-vp8: 9c59270c3fd7afecdb556c50c9e8de78 -> 
  custom:audio-decoder-ogg-vorbis: bf7c407c2cedff20999df2af8eb42d56 -> 
========================================================================
Received Prepare
Registering precompiled user dll's ...
Registered in 0.015796 seconds.
Begin MonoManager ReloadAssembly
Symbol file LoadedFromMemory doesn't match image C:\Users\eglyz\Documents\flavio\ARTrack-Demos\Library\PackageCache\com.unity.visualscripting@1.8.0\Editor\VisualScripting.Core\Dependencies\DotNetZip\Unity.VisualScripting.IonicZip.dll
Symbol file LoadedFromMemory doesn't match image C:\Users\eglyz\Documents\flavio\ARTrack-Demos\Library\PackageCache\com.unity.visualscripting@1.8.0\Editor\VisualScripting.Core\Dependencies\YamlDotNet\Unity.VisualScripting.YamlDotNet.dll
Native extension for WindowsStandalone target not found
Refreshing native plugins compatible for Editor in 1.31 ms, found 3 plugins.
Preloading 0 native plugins for Editor in 0.00 ms.
Mono: successfully reloaded assembly
- Completed reload, in  1.856 seconds
Domain Reload Profiling:
	ReloadAssembly (1857ms)
		BeginReloadAssembly (216ms)
			ExecutionOrderSort (0ms)
			DisableScriptedObjects (9ms)
			BackupInstance (0ms)
			ReleaseScriptingObjects (0ms)
			CreateAndSetChildDomain (55ms)
		EndReloadAssembly (1487ms)
			LoadAssemblies (163ms)
			RebuildTransferFunctionScriptingTraits (0ms)
			SetupTypeCache (397ms)
			ReleaseScriptCaches (2ms)
			RebuildScriptCaches (63ms)
			SetupLoadedEditorAssemblies (805ms)
				LogAssemblyErrors (0ms)
				InitializePlatformSupportModulesInManaged (20ms)
				SetLoadedEditorAssemblies (1ms)
				RefreshPlugins (1ms)
				BeforeProcessingInitializeOnLoad (145ms)
				ProcessInitializeOnLoadAttributes (408ms)
				ProcessInitializeOnLoadMethodAttributes (209ms)
				AfterProcessingInitializeOnLoad (21ms)
				EditorAssembliesLoaded (0ms)
			ExecutionOrderSort2 (0ms)
			AwakeInstancesAfterBackupRestoration (10ms)
Platform modules already initialized, skipping
Refreshing native plugins compatible for Editor in 10.30 ms, found 3 plugins.
Preloading 0 native plugins for Editor in 0.00 ms.
Unloading 4523 Unused Serialized files (Serialized files now loaded: 0)
Unloading 69 unused Assets / (0.7 MB). Loaded Objects now: 5020.
Memory consumption went from 158.6 MB to 157.8 MB.
Total: 8.405200 ms (FindLiveObjects: 0.436300 ms CreateObjectMapping: 0.200500 ms MarkObjects: 7.259400 ms  DeleteObjects: 0.507800 ms)

AssetImportParameters requested are different than current active one (requested -> active):
  custom:video-decoder-ogg-theora: a1e56fd34408186e4bbccfd4996cb3dc -> 
  custom:container-muxer-webm: aa71ff27fc2769a1b78a27578f13a17b -> 
  custom:container-demuxer-webm: 4f35f7cbe854078d1ac9338744f61a02 -> 
  custom:video-encoder-webm-vp8: eb34c28f22e8b96e1ab97ce403110664 -> 
  custom:audio-encoder-webm-vorbis: bf7c407c2cedff20999df2af8eb42d56 -> 
  custom:framework-win-MediaFoundation: 216162199b28c13a410421893ffa2e32 -> 
  custom:container-demuxer-ogg: 62fdf1f143b41e24485cea50d1cbac27 -> 
  custom:video-decoder-webm-vp8: 9c59270c3fd7afecdb556c50c9e8de78 -> 
  custom:audio-decoder-ogg-vorbis: bf7c407c2cedff20999df2af8eb42d56 -> 
========================================================================
Received Import Request.
  Time since last request: 795.285949 seconds.
  path: Assets/Simple Helvetica
  artifactKey: Guid(3e3b3df80f2c94e43885caae4cc8f9cf) Importer(815301076,1909f56bfc062723c751e8b465ee728b)
Start importing Assets/Simple Helvetica using Guid(3e3b3df80f2c94e43885caae4cc8f9cf) Importer(815301076,1909f56bfc062723c751e8b465ee728b)  -> (artifact id: 'e1db3730ae144c15363c3b17364564e6') in 0.013264 seconds 
========================================================================
Received Import Request.
  Time since last request: 0.043650 seconds.
  path: Assets/Simple Helvetica/Simple Helvetica.prefab
  artifactKey: Guid(ce72191ecb9a24885b5711cd938314a3) Importer(815301076,1909f56bfc062723c751e8b465ee728b)
Start importing Assets/Simple Helvetica/Simple Helvetica.prefab using Guid(ce72191ecb9a24885b5711cd938314a3) Importer(815301076,1909f56bfc062723c751e8b465ee728b)  -> (artifact id: '5e3da061fc9c58e98a939c115993d5b5') in 0.168656 seconds 
========================================================================
Received Import Request.
  Time since last request: 2.009667 seconds.
  path: Assets/Simple Helvetica/readme.txt
  artifactKey: Guid(4655d62285a3c4237b3f1515d2b15e9f) Importer(815301076,1909f56bfc062723c751e8b465ee728b)
Start importing Assets/Simple Helvetica/readme.txt using Guid(4655d62285a3c4237b3f1515d2b15e9f) Importer(815301076,1909f56bfc062723c751e8b465ee728b)  -> (artifact id: '121bc7b18644af7b7a09095012900939') in 0.021733 seconds 
========================================================================
Received Import Request.
  Time since last request: 231.679964 seconds.
  path: Assets/Materials/cinza.mat
  artifactKey: Guid(15d5838bc248f984f8fe75bd3f6707e1) Importer(815301076,1909f56bfc062723c751e8b465ee728b)
Start importing Assets/Materials/cinza.mat using Guid(15d5838bc248f984f8fe75bd3f6707e1) Importer(815301076,1909f56bfc062723c751e8b465ee728b)  -> (artifact id: 'ff4604ac5ccd21e24c808fc7939be9d0') in 0.072495 seconds 
========================================================================
Received Prepare
Registering precompiled user dll's ...
Registered in 0.036886 seconds.
Begin MonoManager ReloadAssembly
Symbol file LoadedFromMemory doesn't match image C:\Users\eglyz\Documents\flavio\ARTrack-Demos\Library\PackageCache\com.unity.visualscripting@1.8.0\Editor\VisualScripting.Core\Dependencies\DotNetZip\Unity.VisualScripting.IonicZip.dll
Symbol file LoadedFromMemory doesn't match image C:\Users\eglyz\Documents\flavio\ARTrack-Demos\Library\PackageCache\com.unity.visualscripting@1.8.0\Editor\VisualScripting.Core\Dependencies\YamlDotNet\Unity.VisualScripting.YamlDotNet.dll
Native extension for WindowsStandalone target not found
Refreshing native plugins compatible for Editor in 26.54 ms, found 3 plugins.
Preloading 0 native plugins for Editor in 0.00 ms.
Mono: successfully reloaded assembly
- Completed reload, in 27.077 seconds
Domain Reload Profiling:
	ReloadAssembly (27087ms)
		BeginReloadAssembly (3160ms)
			ExecutionOrderSort (0ms)
			DisableScriptedObjects (202ms)
			BackupInstance (0ms)
			ReleaseScriptingObjects (2ms)
			CreateAndSetChildDomain (833ms)
		EndReloadAssembly (21147ms)
			LoadAssemblies (3577ms)
			RebuildTransferFunctionScriptingTraits (0ms)
			SetupTypeCache (8847ms)
			ReleaseScriptCaches (34ms)
			RebuildScriptCaches (2384ms)
			SetupLoadedEditorAssemblies (4223ms)
				LogAssemblyErrors (0ms)
				InitializePlatformSupportModulesInManaged (676ms)
				SetLoadedEditorAssemblies (55ms)
				RefreshPlugins (32ms)
				BeforeProcessingInitializeOnLoad (1333ms)
				ProcessInitializeOnLoadAttributes (1534ms)
				ProcessInitializeOnLoadMethodAttributes (555ms)
				AfterProcessingInitializeOnLoad (37ms)
				EditorAssembliesLoaded (0ms)
			ExecutionOrderSort2 (0ms)
			AwakeInstancesAfterBackupRestoration (15ms)
Platform modules already initialized, skipping
