Using pre-set license
Built from '2021.3/release' branch; Version is '2021.3.17f1 (3e8111cac19d) revision 4096273'; Using compiler version '192829333'; Build Type 'Release'
OS: 'Windows 10  (10.0.19044) 64bit Professional' Language: 'pt' Physical Memory: 5995 MB
BatchMode: 1, IsHumanControllingUs: 0, StartBugReporterOnCrash: 0, Is64bit: 1, IsPro: 1

COMMAND LINE ARGUMENTS:
C:\Program Files\Unity\Hub\Editor\2021.3.17f1\Editor\Unity.exe
-adb2
-batchMode
-noUpm
-name
AssetImportWorker5
-projectPath
C:/Users/Percy/Documents/Interlab/ARTrack-Demos
-logFile
Logs/AssetImportWorker5.log
-srvPort
50422
Successfully changed project path to: C:/Users/Percy/Documents/Interlab/ARTrack-Demos
C:/Users/Percy/Documents/Interlab/ARTrack-Demos
[UnityMemory] Configuration Parameters - Can be set up in boot.config
    "memorysetup-bucket-allocator-granularity=16"
    "memorysetup-bucket-allocator-bucket-count=8"
    "memorysetup-bucket-allocator-block-size=33554432"
    "memorysetup-bucket-allocator-block-count=8"
    "memorysetup-main-allocator-block-size=16777216"
    "memorysetup-thread-allocator-block-size=16777216"
    "memorysetup-gfx-main-allocator-block-size=16777216"
    "memorysetup-gfx-thread-allocator-block-size=16777216"
    "memorysetup-cache-allocator-block-size=4194304"
    "memorysetup-typetree-allocator-block-size=2097152"
    "memorysetup-profiler-bucket-allocator-granularity=16"
    "memorysetup-profiler-bucket-allocator-bucket-count=8"
    "memorysetup-profiler-bucket-allocator-block-size=33554432"
    "memorysetup-profiler-bucket-allocator-block-count=8"
    "memorysetup-profiler-allocator-block-size=16777216"
    "memorysetup-profiler-editor-allocator-block-size=1048576"
    "memorysetup-temp-allocator-size-main=16777216"
    "memorysetup-job-temp-allocator-block-size=2097152"
    "memorysetup-job-temp-allocator-block-size-background=1048576"
    "memorysetup-job-temp-allocator-reduction-small-platforms=262144"
    "memorysetup-temp-allocator-size-background-worker=32768"
    "memorysetup-temp-allocator-size-job-worker=262144"
    "memorysetup-temp-allocator-size-preload-manager=33554432"
    "memorysetup-temp-allocator-size-nav-mesh-worker=65536"
    "memorysetup-temp-allocator-size-audio-worker=65536"
    "memorysetup-temp-allocator-size-cloud-worker=32768"
    "memorysetup-temp-allocator-size-gi-baking-worker=262144"
    "memorysetup-temp-allocator-size-gfx=262144"
Player connection [6124] Host "[IP] 192.168.15.29 [Port] 0 [Flags] 2 [Guid] 3760439334 [EditorId] 3760439334 [Version] 1048832 [Id] WindowsEditor(7,DESKTOP-UQO7D7M) [Debug] 1 [PackageName] WindowsEditor [ProjectName] Editor" joined multi-casting on [225.0.0.222:54997]...

Player connection [6124] Host "[IP] 192.168.15.29 [Port] 0 [Flags] 2 [Guid] 3760439334 [EditorId] 3760439334 [Version] 1048832 [Id] WindowsEditor(7,DESKTOP-UQO7D7M) [Debug] 1 [PackageName] WindowsEditor [ProjectName] Editor" joined alternative multi-casting on [225.0.0.222:34997]...

Refreshing native plugins compatible for Editor in 264.91 ms, found 3 plugins.
Preloading 0 native plugins for Editor in 0.00 ms.
Initialize engine version: 2021.3.17f1 (3e8111cac19d)
[Subsystems] Discovering subsystems at path C:/Program Files/Unity/Hub/Editor/2021.3.17f1/Editor/Data/Resources/UnitySubsystems
[Subsystems] Discovering subsystems at path C:/Users/Percy/Documents/Interlab/ARTrack-Demos/Assets
GfxDevice: creating device client; threaded=0; jobified=0
Direct3D:
    Version:  Direct3D 11.0 [level 10.1]
    Renderer: Intel(R) HD Graphics 3000 (ID=0x116)
    Vendor:   Intel
    VRAM:     128 MB
    Driver:   9.17.10.4459
Could not load symbol clCreateImage : Não foi possível encontrar o procedimento especificado.

Could not load symbol clEnqueueFillBuffer : Não foi possível encontrar o procedimento especificado.

Could not load symbol clEnqueueFillImage : Não foi possível encontrar o procedimento especificado.

Could not load symbol clEnqueueMarkerWithWaitList : Não foi possível encontrar o procedimento especificado.

Could not load symbol clGetExtensionFunctionAddressForPlatform : Não foi possível encontrar o procedimento especificado.

Could not load symbol clUnloadPlatformCompiler : Não foi possível encontrar o procedimento especificado.

Could not load symbol clCreateFromGLTexture : Não foi possível encontrar o procedimento especificado.

Initialize mono
Mono path[0] = 'C:/Program Files/Unity/Hub/Editor/2021.3.17f1/Editor/Data/Managed'
Mono path[1] = 'C:/Program Files/Unity/Hub/Editor/2021.3.17f1/Editor/Data/MonoBleedingEdge/lib/mono/unityjit-win32'
Mono config path = 'C:/Program Files/Unity/Hub/Editor/2021.3.17f1/Editor/Data/MonoBleedingEdge/etc'
Using monoOptions --debugger-agent=transport=dt_socket,embedding=1,server=y,suspend=n,address=127.0.0.1:56428
Begin MonoManager ReloadAssembly
Registering precompiled unity dll's ...
Register platform support module: C:/Program Files/Unity/Hub/Editor/2021.3.17f1/Editor/Data/PlaybackEngines/WindowsStandaloneSupport/UnityEditor.WindowsStandalone.Extensions.dll
Registered in 0.028038 seconds.
Native extension for WindowsStandalone target not found
Refreshing native plugins compatible for Editor in 246.63 ms, found 3 plugins.
Preloading 0 native plugins for Editor in 0.00 ms.
Mono: successfully reloaded assembly
- Completed reload, in  1.633 seconds
Domain Reload Profiling:
	ReloadAssembly (1634ms)
		BeginReloadAssembly (198ms)
			ExecutionOrderSort (0ms)
			DisableScriptedObjects (0ms)
			BackupInstance (0ms)
			ReleaseScriptingObjects (0ms)
			CreateAndSetChildDomain (2ms)
		EndReloadAssembly (1154ms)
			LoadAssemblies (190ms)
			RebuildTransferFunctionScriptingTraits (0ms)
			SetupTypeCache (283ms)
			ReleaseScriptCaches (0ms)
			RebuildScriptCaches (70ms)
			SetupLoadedEditorAssemblies (673ms)
				LogAssemblyErrors (0ms)
				InitializePlatformSupportModulesInManaged (26ms)
				SetLoadedEditorAssemblies (0ms)
				RefreshPlugins (247ms)
				BeforeProcessingInitializeOnLoad (3ms)
				ProcessInitializeOnLoadAttributes (296ms)
				ProcessInitializeOnLoadMethodAttributes (100ms)
				AfterProcessingInitializeOnLoad (0ms)
				EditorAssembliesLoaded (0ms)
			ExecutionOrderSort2 (0ms)
			AwakeInstancesAfterBackupRestoration (0ms)
Platform modules already initialized, skipping
Registering precompiled user dll's ...
Registered in 0.028205 seconds.
Begin MonoManager ReloadAssembly
Symbol file LoadedFromMemory doesn't match image C:\Users\Percy\Documents\Interlab\ARTrack-Demos\Library\PackageCache\com.unity.visualscripting@1.8.0\Editor\VisualScripting.Core\Dependencies\DotNetZip\Unity.VisualScripting.IonicZip.dll
Symbol file LoadedFromMemory doesn't match image C:\Users\Percy\Documents\Interlab\ARTrack-Demos\Library\PackageCache\com.unity.visualscripting@1.8.0\Editor\VisualScripting.Core\Dependencies\YamlDotNet\Unity.VisualScripting.YamlDotNet.dll
Native extension for WindowsStandalone target not found
Refreshing native plugins compatible for Editor in 1.81 ms, found 3 plugins.
Preloading 0 native plugins for Editor in 0.00 ms.
Mono: successfully reloaded assembly
- Completed reload, in  5.378 seconds
Domain Reload Profiling:
	ReloadAssembly (5379ms)
		BeginReloadAssembly (284ms)
			ExecutionOrderSort (0ms)
			DisableScriptedObjects (13ms)
			BackupInstance (0ms)
			ReleaseScriptingObjects (0ms)
			CreateAndSetChildDomain (34ms)
		EndReloadAssembly (4801ms)
			LoadAssemblies (257ms)
			RebuildTransferFunctionScriptingTraits (0ms)
			SetupTypeCache (654ms)
			ReleaseScriptCaches (1ms)
			RebuildScriptCaches (136ms)
			SetupLoadedEditorAssemblies (3642ms)
				LogAssemblyErrors (0ms)
				InitializePlatformSupportModulesInManaged (17ms)
				SetLoadedEditorAssemblies (1ms)
				RefreshPlugins (2ms)
				BeforeProcessingInitializeOnLoad (332ms)
				ProcessInitializeOnLoadAttributes (747ms)
				ProcessInitializeOnLoadMethodAttributes (2507ms)
				AfterProcessingInitializeOnLoad (35ms)
				EditorAssembliesLoaded (1ms)
			ExecutionOrderSort2 (0ms)
			AwakeInstancesAfterBackupRestoration (15ms)
Platform modules already initialized, skipping
========================================================================
Worker process is ready to serve import requests
Launched and connected shader compiler UnityShaderCompiler.exe after 0.19 seconds
Refreshing native plugins compatible for Editor in 3.81 ms, found 3 plugins.
Preloading 0 native plugins for Editor in 0.00 ms.
Unloading 4127 Unused Serialized files (Serialized files now loaded: 0)
Unloading 66 unused Assets / (57.1 KB). Loaded Objects now: 4557.
Memory consumption went from 138.5 MB to 138.4 MB.
Total: 19.795300 ms (FindLiveObjects: 0.474300 ms CreateObjectMapping: 0.270200 ms MarkObjects: 18.719100 ms  DeleteObjects: 0.329200 ms)

AssetImportParameters requested are different than current active one (requested -> active):
  custom:video-decoder-ogg-theora: a1e56fd34408186e4bbccfd4996cb3dc -> 
  custom:container-muxer-webm: aa71ff27fc2769a1b78a27578f13a17b -> 
  custom:container-demuxer-webm: 4f35f7cbe854078d1ac9338744f61a02 -> 
  custom:video-encoder-webm-vp8: eb34c28f22e8b96e1ab97ce403110664 -> 
  custom:audio-encoder-webm-vorbis: bf7c407c2cedff20999df2af8eb42d56 -> 
  custom:framework-win-MediaFoundation: 216162199b28c13a410421893ffa2e32 -> 
  custom:container-demuxer-ogg: 62fdf1f143b41e24485cea50d1cbac27 -> 
  custom:video-decoder-webm-vp8: 9c59270c3fd7afecdb556c50c9e8de78 -> 
  custom:audio-decoder-ogg-vorbis: bf7c407c2cedff20999df2af8eb42d56 -> 
========================================================================
Received Import Request.
  Time since last request: 2072.384033 seconds.
  path: Assets/Scenes
  artifactKey: Guid(6ea315d0fd7389c41b19996891e99ae3) Importer(815301076,1909f56bfc062723c751e8b465ee728b)
Start importing Assets/Scenes using Guid(6ea315d0fd7389c41b19996891e99ae3) Importer(815301076,1909f56bfc062723c751e8b465ee728b)  -> (artifact id: 'bc172811d573b296104adb4d2728db37') in 0.025622 seconds 
========================================================================
Received Import Request.
  Time since last request: 0.000057 seconds.
  path: Assets/Scenes/CenaObjs.unity
  artifactKey: Guid(4b844fd13f04c4844bf8444c0bb53fec) Importer(815301076,1909f56bfc062723c751e8b465ee728b)
Start importing Assets/Scenes/CenaObjs.unity using Guid(4b844fd13f04c4844bf8444c0bb53fec) Importer(815301076,1909f56bfc062723c751e8b465ee728b)  -> (artifact id: '656a756734c9ba1c39e638f89e094328') in 0.020288 seconds 
========================================================================
Received Import Request.
  Time since last request: 0.000060 seconds.
  path: Assets/Scenes/Grids.unity
  artifactKey: Guid(2590d39c0fe8e0c4ca27d1518455b08e) Importer(815301076,1909f56bfc062723c751e8b465ee728b)
Start importing Assets/Scenes/Grids.unity using Guid(2590d39c0fe8e0c4ca27d1518455b08e) Importer(815301076,1909f56bfc062723c751e8b465ee728b)  -> (artifact id: '6567013d67df4efd7e1df7a119eb1726') in 0.016705 seconds 
========================================================================
Received Prepare
Refreshing native plugins compatible for Editor in 50.18 ms, found 3 plugins.
Preloading 0 native plugins for Editor in 0.00 ms.
Unloading 55 Unused Serialized files (Serialized files now loaded: 0)
Unloading 55 unused Assets / (22.9 KB). Loaded Objects now: 4557.
Memory consumption went from 55.8 MB to 55.8 MB.
Total: 16.282600 ms (FindLiveObjects: 0.940600 ms CreateObjectMapping: 0.442000 ms MarkObjects: 14.827400 ms  DeleteObjects: 0.069400 ms)

AssetImportParameters requested are different than current active one (requested -> active):
  custom:video-decoder-ogg-theora: a1e56fd34408186e4bbccfd4996cb3dc -> 
  custom:container-muxer-webm: aa71ff27fc2769a1b78a27578f13a17b -> 
  custom:container-demuxer-webm: 4f35f7cbe854078d1ac9338744f61a02 -> 
  custom:video-encoder-webm-vp8: eb34c28f22e8b96e1ab97ce403110664 -> 
  custom:audio-encoder-webm-vorbis: bf7c407c2cedff20999df2af8eb42d56 -> 
  custom:framework-win-MediaFoundation: 216162199b28c13a410421893ffa2e32 -> 
  custom:container-demuxer-ogg: 62fdf1f143b41e24485cea50d1cbac27 -> 
  custom:video-decoder-webm-vp8: 9c59270c3fd7afecdb556c50c9e8de78 -> 
  custom:audio-decoder-ogg-vorbis: bf7c407c2cedff20999df2af8eb42d56 -> 
========================================================================
Received Prepare
Refreshing native plugins compatible for Editor in 35.19 ms, found 3 plugins.
Preloading 0 native plugins for Editor in 0.00 ms.
Unloading 55 Unused Serialized files (Serialized files now loaded: 0)
Unloading 55 unused Assets / (22.9 KB). Loaded Objects now: 4557.
Memory consumption went from 55.8 MB to 55.8 MB.
Total: 14.394200 ms (FindLiveObjects: 0.468800 ms CreateObjectMapping: 0.275500 ms MarkObjects: 13.565000 ms  DeleteObjects: 0.082600 ms)

AssetImportParameters requested are different than current active one (requested -> active):
  custom:video-decoder-ogg-theora: a1e56fd34408186e4bbccfd4996cb3dc -> 
  custom:container-muxer-webm: aa71ff27fc2769a1b78a27578f13a17b -> 
  custom:container-demuxer-webm: 4f35f7cbe854078d1ac9338744f61a02 -> 
  custom:video-encoder-webm-vp8: eb34c28f22e8b96e1ab97ce403110664 -> 
  custom:audio-encoder-webm-vorbis: bf7c407c2cedff20999df2af8eb42d56 -> 
  custom:framework-win-MediaFoundation: 216162199b28c13a410421893ffa2e32 -> 
  custom:container-demuxer-ogg: 62fdf1f143b41e24485cea50d1cbac27 -> 
  custom:video-decoder-webm-vp8: 9c59270c3fd7afecdb556c50c9e8de78 -> 
  custom:audio-decoder-ogg-vorbis: bf7c407c2cedff20999df2af8eb42d56 -> 
========================================================================
Received Prepare
Registering precompiled user dll's ...
Registered in 0.036758 seconds.
Begin MonoManager ReloadAssembly
Symbol file LoadedFromMemory doesn't match image C:\Users\Percy\Documents\Interlab\ARTrack-Demos\Library\PackageCache\com.unity.visualscripting@1.8.0\Editor\VisualScripting.Core\Dependencies\DotNetZip\Unity.VisualScripting.IonicZip.dll
Symbol file LoadedFromMemory doesn't match image C:\Users\Percy\Documents\Interlab\ARTrack-Demos\Library\PackageCache\com.unity.visualscripting@1.8.0\Editor\VisualScripting.Core\Dependencies\YamlDotNet\Unity.VisualScripting.YamlDotNet.dll
Native extension for WindowsStandalone target not found
Refreshing native plugins compatible for Editor in 2.31 ms, found 3 plugins.
Preloading 0 native plugins for Editor in 0.00 ms.
Mono: successfully reloaded assembly
- Completed reload, in  3.412 seconds
Domain Reload Profiling:
	ReloadAssembly (3413ms)
		BeginReloadAssembly (556ms)
			ExecutionOrderSort (0ms)
			DisableScriptedObjects (18ms)
			BackupInstance (0ms)
			ReleaseScriptingObjects (0ms)
			CreateAndSetChildDomain (78ms)
		EndReloadAssembly (2514ms)
			LoadAssemblies (455ms)
			RebuildTransferFunctionScriptingTraits (0ms)
			SetupTypeCache (742ms)
			ReleaseScriptCaches (4ms)
			RebuildScriptCaches (144ms)
			SetupLoadedEditorAssemblies (1212ms)
				LogAssemblyErrors (0ms)
				InitializePlatformSupportModulesInManaged (48ms)
				SetLoadedEditorAssemblies (1ms)
				RefreshPlugins (3ms)
				BeforeProcessingInitializeOnLoad (256ms)
				ProcessInitializeOnLoadAttributes (584ms)
				ProcessInitializeOnLoadMethodAttributes (289ms)
				AfterProcessingInitializeOnLoad (31ms)
				EditorAssembliesLoaded (0ms)
			ExecutionOrderSort2 (0ms)
			AwakeInstancesAfterBackupRestoration (15ms)
Platform modules already initialized, skipping
Refreshing native plugins compatible for Editor in 26.77 ms, found 3 plugins.
Preloading 0 native plugins for Editor in 0.00 ms.
Unloading 4118 Unused Serialized files (Serialized files now loaded: 0)
Unloading 55 unused Assets / (25.8 KB). Loaded Objects now: 4560.
Memory consumption went from 137.6 MB to 137.6 MB.
Total: 20.615800 ms (FindLiveObjects: 0.834400 ms CreateObjectMapping: 0.320800 ms MarkObjects: 19.381100 ms  DeleteObjects: 0.076600 ms)

AssetImportParameters requested are different than current active one (requested -> active):
  custom:video-decoder-ogg-theora: a1e56fd34408186e4bbccfd4996cb3dc -> 
  custom:container-muxer-webm: aa71ff27fc2769a1b78a27578f13a17b -> 
  custom:container-demuxer-webm: 4f35f7cbe854078d1ac9338744f61a02 -> 
  custom:video-encoder-webm-vp8: eb34c28f22e8b96e1ab97ce403110664 -> 
  custom:audio-encoder-webm-vorbis: bf7c407c2cedff20999df2af8eb42d56 -> 
  custom:framework-win-MediaFoundation: 216162199b28c13a410421893ffa2e32 -> 
  custom:container-demuxer-ogg: 62fdf1f143b41e24485cea50d1cbac27 -> 
  custom:video-decoder-webm-vp8: 9c59270c3fd7afecdb556c50c9e8de78 -> 
  custom:audio-decoder-ogg-vorbis: bf7c407c2cedff20999df2af8eb42d56 -> 
========================================================================
Received Import Request.
  Time since last request: 430.203236 seconds.
  path: Assets/Scripts
  artifactKey: Guid(b1ed4750c99782c46bdfbfe4c540e1e4) Importer(815301076,1909f56bfc062723c751e8b465ee728b)
Start importing Assets/Scripts using Guid(b1ed4750c99782c46bdfbfe4c540e1e4) Importer(815301076,1909f56bfc062723c751e8b465ee728b)  -> (artifact id: '21025998983bf2dafe203d6b27798818') in 0.027686 seconds 
========================================================================
Received Import Request.
  Time since last request: 24.761559 seconds.
  path: Assets/Scenes/Grids.unity
  artifactKey: Guid(2590d39c0fe8e0c4ca27d1518455b08e) Importer(815301076,1909f56bfc062723c751e8b465ee728b)
Start importing Assets/Scenes/Grids.unity using Guid(2590d39c0fe8e0c4ca27d1518455b08e) Importer(815301076,1909f56bfc062723c751e8b465ee728b)  -> (artifact id: '3042b526393200ce813b06e368fc6e48') in 0.015344 seconds 
========================================================================
Received Prepare
Registering precompiled user dll's ...
Registered in 0.191680 seconds.
Begin MonoManager ReloadAssembly
Symbol file LoadedFromMemory doesn't match image C:\Users\Percy\Documents\Interlab\ARTrack-Demos\Library\PackageCache\com.unity.visualscripting@1.8.0\Editor\VisualScripting.Core\Dependencies\DotNetZip\Unity.VisualScripting.IonicZip.dll
Symbol file LoadedFromMemory doesn't match image C:\Users\Percy\Documents\Interlab\ARTrack-Demos\Library\PackageCache\com.unity.visualscripting@1.8.0\Editor\VisualScripting.Core\Dependencies\YamlDotNet\Unity.VisualScripting.YamlDotNet.dll
Native extension for WindowsStandalone target not found
Refreshing native plugins compatible for Editor in 8.84 ms, found 3 plugins.
Preloading 0 native plugins for Editor in 0.00 ms.
Mono: successfully reloaded assembly
- Completed reload, in 43.778 seconds
Domain Reload Profiling:
	ReloadAssembly (43796ms)
		BeginReloadAssembly (1501ms)
			ExecutionOrderSort (0ms)
			DisableScriptedObjects (82ms)
			BackupInstance (0ms)
			ReleaseScriptingObjects (0ms)
			CreateAndSetChildDomain (205ms)
		EndReloadAssembly (41114ms)
			LoadAssemblies (1184ms)
			RebuildTransferFunctionScriptingTraits (0ms)
			SetupTypeCache (4071ms)
			ReleaseScriptCaches (4ms)
			RebuildScriptCaches (2279ms)
			SetupLoadedEditorAssemblies (26937ms)
				LogAssemblyErrors (0ms)
				InitializePlatformSupportModulesInManaged (364ms)
				SetLoadedEditorAssemblies (7ms)
				RefreshPlugins (9ms)
				BeforeProcessingInitializeOnLoad (1292ms)
				ProcessInitializeOnLoadAttributes (10000ms)
				ProcessInitializeOnLoadMethodAttributes (11965ms)
				AfterProcessingInitializeOnLoad (3280ms)
				EditorAssembliesLoaded (20ms)
			ExecutionOrderSort2 (0ms)
			AwakeInstancesAfterBackupRestoration (1170ms)
Platform modules already initialized, skipping
Refreshing native plugins compatible for Editor in 47.40 ms, found 3 plugins.
Preloading 0 native plugins for Editor in 0.00 ms.
Unloading 4118 Unused Serialized files (Serialized files now loaded: 0)
Unloading 55 unused Assets / (25.6 KB). Loaded Objects now: 4563.
Memory consumption went from 137.7 MB to 137.6 MB.
Total: 39.438800 ms (FindLiveObjects: 0.625800 ms CreateObjectMapping: 0.730200 ms MarkObjects: 37.985900 ms  DeleteObjects: 0.092500 ms)

AssetImportParameters requested are different than current active one (requested -> active):
  custom:video-decoder-ogg-theora: a1e56fd34408186e4bbccfd4996cb3dc -> 
  custom:container-muxer-webm: aa71ff27fc2769a1b78a27578f13a17b -> 
  custom:container-demuxer-webm: 4f35f7cbe854078d1ac9338744f61a02 -> 
  custom:video-encoder-webm-vp8: eb34c28f22e8b96e1ab97ce403110664 -> 
  custom:audio-encoder-webm-vorbis: bf7c407c2cedff20999df2af8eb42d56 -> 
  custom:framework-win-MediaFoundation: 216162199b28c13a410421893ffa2e32 -> 
  custom:container-demuxer-ogg: 62fdf1f143b41e24485cea50d1cbac27 -> 
  custom:video-decoder-webm-vp8: 9c59270c3fd7afecdb556c50c9e8de78 -> 
  custom:audio-decoder-ogg-vorbis: bf7c407c2cedff20999df2af8eb42d56 -> 
========================================================================
Received Prepare
Registering precompiled user dll's ...
Registered in 0.067730 seconds.
Begin MonoManager ReloadAssembly
Symbol file LoadedFromMemory doesn't match image C:\Users\Percy\Documents\Interlab\ARTrack-Demos\Library\PackageCache\com.unity.visualscripting@1.8.0\Editor\VisualScripting.Core\Dependencies\DotNetZip\Unity.VisualScripting.IonicZip.dll
Symbol file LoadedFromMemory doesn't match image C:\Users\Percy\Documents\Interlab\ARTrack-Demos\Library\PackageCache\com.unity.visualscripting@1.8.0\Editor\VisualScripting.Core\Dependencies\YamlDotNet\Unity.VisualScripting.YamlDotNet.dll
Native extension for WindowsStandalone target not found
Refreshing native plugins compatible for Editor in 3.88 ms, found 3 plugins.
Preloading 0 native plugins for Editor in 0.00 ms.
Mono: successfully reloaded assembly
- Completed reload, in  9.717 seconds
Domain Reload Profiling:
	ReloadAssembly (9720ms)
		BeginReloadAssembly (1246ms)
			ExecutionOrderSort (0ms)
			DisableScriptedObjects (22ms)
			BackupInstance (0ms)
			ReleaseScriptingObjects (0ms)
			CreateAndSetChildDomain (460ms)
		EndReloadAssembly (7747ms)
			LoadAssemblies (667ms)
			RebuildTransferFunctionScriptingTraits (0ms)
			SetupTypeCache (2145ms)
			ReleaseScriptCaches (8ms)
			RebuildScriptCaches (254ms)
			SetupLoadedEditorAssemblies (4412ms)
				LogAssemblyErrors (0ms)
				InitializePlatformSupportModulesInManaged (89ms)
				SetLoadedEditorAssemblies (2ms)
				RefreshPlugins (4ms)
				BeforeProcessingInitializeOnLoad (650ms)
				ProcessInitializeOnLoadAttributes (2303ms)
				ProcessInitializeOnLoadMethodAttributes (1272ms)
				AfterProcessingInitializeOnLoad (88ms)
				EditorAssembliesLoaded (3ms)
			ExecutionOrderSort2 (0ms)
			AwakeInstancesAfterBackupRestoration (48ms)
Platform modules already initialized, skipping
Refreshing native plugins compatible for Editor in 2779.51 ms, found 3 plugins.
Preloading 0 native plugins for Editor in 0.00 ms.
Unloading 4118 Unused Serialized files (Serialized files now loaded: 0)
Unloading 55 unused Assets / (25.6 KB). Loaded Objects now: 4566.
Memory consumption went from 137.7 MB to 137.6 MB.
Total: 171.439300 ms (FindLiveObjects: 17.439000 ms CreateObjectMapping: 2.206900 ms MarkObjects: 151.609900 ms  DeleteObjects: 0.175300 ms)

AssetImportParameters requested are different than current active one (requested -> active):
  custom:video-decoder-ogg-theora: a1e56fd34408186e4bbccfd4996cb3dc -> 
  custom:container-muxer-webm: aa71ff27fc2769a1b78a27578f13a17b -> 
  custom:container-demuxer-webm: 4f35f7cbe854078d1ac9338744f61a02 -> 
  custom:video-encoder-webm-vp8: eb34c28f22e8b96e1ab97ce403110664 -> 
  custom:audio-encoder-webm-vorbis: bf7c407c2cedff20999df2af8eb42d56 -> 
  custom:framework-win-MediaFoundation: 216162199b28c13a410421893ffa2e32 -> 
  custom:container-demuxer-ogg: 62fdf1f143b41e24485cea50d1cbac27 -> 
  custom:video-decoder-webm-vp8: 9c59270c3fd7afecdb556c50c9e8de78 -> 
  custom:audio-decoder-ogg-vorbis: bf7c407c2cedff20999df2af8eb42d56 -> 
========================================================================
Received Prepare
Registering precompiled user dll's ...
Registered in 0.165701 seconds.
Begin MonoManager ReloadAssembly
Symbol file LoadedFromMemory doesn't match image C:\Users\Percy\Documents\Interlab\ARTrack-Demos\Library\PackageCache\com.unity.visualscripting@1.8.0\Editor\VisualScripting.Core\Dependencies\DotNetZip\Unity.VisualScripting.IonicZip.dll
Symbol file LoadedFromMemory doesn't match image C:\Users\Percy\Documents\Interlab\ARTrack-Demos\Library\PackageCache\com.unity.visualscripting@1.8.0\Editor\VisualScripting.Core\Dependencies\YamlDotNet\Unity.VisualScripting.YamlDotNet.dll
Native extension for WindowsStandalone target not found
Refreshing native plugins compatible for Editor in 2.84 ms, found 3 plugins.
Preloading 0 native plugins for Editor in 0.00 ms.
Mono: successfully reloaded assembly
- Completed reload, in  6.918 seconds
Domain Reload Profiling:
	ReloadAssembly (6924ms)
		BeginReloadAssembly (1506ms)
			ExecutionOrderSort (0ms)
			DisableScriptedObjects (88ms)
			BackupInstance (0ms)
			ReleaseScriptingObjects (0ms)
			CreateAndSetChildDomain (335ms)
		EndReloadAssembly (4747ms)
			LoadAssemblies (949ms)
			RebuildTransferFunctionScriptingTraits (0ms)
			SetupTypeCache (1443ms)
			ReleaseScriptCaches (4ms)
			RebuildScriptCaches (231ms)
			SetupLoadedEditorAssemblies (2339ms)
				LogAssemblyErrors (0ms)
				InitializePlatformSupportModulesInManaged (80ms)
				SetLoadedEditorAssemblies (2ms)
				RefreshPlugins (3ms)
				BeforeProcessingInitializeOnLoad (492ms)
				ProcessInitializeOnLoadAttributes (1029ms)
				ProcessInitializeOnLoadMethodAttributes (679ms)
				AfterProcessingInitializeOnLoad (52ms)
				EditorAssembliesLoaded (1ms)
			ExecutionOrderSort2 (0ms)
			AwakeInstancesAfterBackupRestoration (24ms)
Platform modules already initialized, skipping
Refreshing native plugins compatible for Editor in 48.88 ms, found 3 plugins.
Preloading 0 native plugins for Editor in 0.00 ms.
Unloading 4118 Unused Serialized files (Serialized files now loaded: 0)
Unloading 55 unused Assets / (25.8 KB). Loaded Objects now: 4569.
Memory consumption went from 137.7 MB to 137.6 MB.
Total: 31.762000 ms (FindLiveObjects: 3.175600 ms CreateObjectMapping: 0.804000 ms MarkObjects: 27.659200 ms  DeleteObjects: 0.116400 ms)

AssetImportParameters requested are different than current active one (requested -> active):
  custom:video-decoder-ogg-theora: a1e56fd34408186e4bbccfd4996cb3dc -> 
  custom:container-muxer-webm: aa71ff27fc2769a1b78a27578f13a17b -> 
  custom:container-demuxer-webm: 4f35f7cbe854078d1ac9338744f61a02 -> 
  custom:video-encoder-webm-vp8: eb34c28f22e8b96e1ab97ce403110664 -> 
  custom:audio-encoder-webm-vorbis: bf7c407c2cedff20999df2af8eb42d56 -> 
  custom:framework-win-MediaFoundation: 216162199b28c13a410421893ffa2e32 -> 
  custom:container-demuxer-ogg: 62fdf1f143b41e24485cea50d1cbac27 -> 
  custom:video-decoder-webm-vp8: 9c59270c3fd7afecdb556c50c9e8de78 -> 
  custom:audio-decoder-ogg-vorbis: bf7c407c2cedff20999df2af8eb42d56 -> 
========================================================================
Received Import Request.
  Time since last request: 385.034035 seconds.
  path: Assets
  artifactKey: Guid(00000000000000001000000000000000) Importer(815301076,1909f56bfc062723c751e8b465ee728b)
Start importing Assets using Guid(00000000000000001000000000000000) Importer(815301076,1909f56bfc062723c751e8b465ee728b)  -> (artifact id: '79842766b460edbeab6a34051e857a80') in 0.092420 seconds 
========================================================================
Received Import Request.
  Time since last request: 5.753414 seconds.
  path: Assets/Materials 1
  artifactKey: Guid(30bebeaa640be4e45b25ce02a3b70cf9) Importer(815301076,1909f56bfc062723c751e8b465ee728b)
Start importing Assets/Materials 1 using Guid(30bebeaa640be4e45b25ce02a3b70cf9) Importer(815301076,1909f56bfc062723c751e8b465ee728b)  -> (artifact id: 'bd09017d1737e3bc1ff8299678bb2998') in 0.032823 seconds 
========================================================================
Received Import Request.
  Time since last request: 8.674202 seconds.
  path: Assets/Materials
  artifactKey: Guid(3c4b2e618a1adf646a5d29e31bfb66cb) Importer(815301076,1909f56bfc062723c751e8b465ee728b)
Start importing Assets/Materials using Guid(3c4b2e618a1adf646a5d29e31bfb66cb) Importer(815301076,1909f56bfc062723c751e8b465ee728b)  -> (artifact id: 'bdb1870ec33ae86224a7cef0c1fb595e') in 0.064826 seconds 
========================================================================
Received Import Request.
  Time since last request: 0.000062 seconds.
  path: Assets/Materials/green.mat
  artifactKey: Guid(824544378e9a6fa40816bb7398924244) Importer(815301076,1909f56bfc062723c751e8b465ee728b)
Start importing Assets/Materials/green.mat using Guid(824544378e9a6fa40816bb7398924244) Importer(815301076,1909f56bfc062723c751e8b465ee728b)  -> (artifact id: 'd355f18b69e02ad9642dc12d2468ca98') in 1.971446 seconds 
========================================================================
Received Import Request.
  Time since last request: 0.000087 seconds.
  path: Assets/Materials/yellow.mat
  artifactKey: Guid(e1f7a9cd6060c5646a1cdd412b4b4122) Importer(815301076,1909f56bfc062723c751e8b465ee728b)
Start importing Assets/Materials/yellow.mat using Guid(e1f7a9cd6060c5646a1cdd412b4b4122) Importer(815301076,1909f56bfc062723c751e8b465ee728b)  -> (artifact id: '0f88897aabb483c880e75ce3a58d58c3') in 0.106171 seconds 
========================================================================
Received Import Request.
  Time since last request: 0.000048 seconds.
  path: Assets/Materials/mat.mat
  artifactKey: Guid(bba4b10b229961c41b90e45f46e6439c) Importer(815301076,1909f56bfc062723c751e8b465ee728b)
Start importing Assets/Materials/mat.mat using Guid(bba4b10b229961c41b90e45f46e6439c) Importer(815301076,1909f56bfc062723c751e8b465ee728b)  -> (artifact id: '2d75acd1b41a8815cb9bfcbba94fb4a9') in 0.134497 seconds 
========================================================================
Received Import Request.
  Time since last request: 0.000075 seconds.
  path: Assets/Materials/purple.mat
  artifactKey: Guid(b6437bd4236d9694e8161cd30354e8fc) Importer(815301076,1909f56bfc062723c751e8b465ee728b)
Start importing Assets/Materials/purple.mat using Guid(b6437bd4236d9694e8161cd30354e8fc) Importer(815301076,1909f56bfc062723c751e8b465ee728b)  -> (artifact id: '88e3eba5d7ec7b0ee8d5df06a287ed86') in 0.098195 seconds 
========================================================================
Received Import Request.
  Time since last request: 0.000063 seconds.
  path: Assets/Materials/green_emit.mat
  artifactKey: Guid(a4eca13f717cd614c8d8e5dbc500c501) Importer(815301076,1909f56bfc062723c751e8b465ee728b)
Start importing Assets/Materials/green_emit.mat using Guid(a4eca13f717cd614c8d8e5dbc500c501) Importer(815301076,1909f56bfc062723c751e8b465ee728b)  -> (artifact id: 'e2aa3d0dbcc47200c3071c4a796034aa') in 0.705886 seconds 
========================================================================
Received Import Request.
  Time since last request: 0.000056 seconds.
  path: Assets/Materials/mat2.mat
  artifactKey: Guid(f6f7d7b062ceb804ca6cdca9260347bd) Importer(815301076,1909f56bfc062723c751e8b465ee728b)
Start importing Assets/Materials/mat2.mat using Guid(f6f7d7b062ceb804ca6cdca9260347bd) Importer(815301076,1909f56bfc062723c751e8b465ee728b)  -> (artifact id: 'e091f3ba5e8bf7cac63e7e676a81bbc8') in 0.053990 seconds 
========================================================================
Received Import Request.
  Time since last request: 0.000088 seconds.
  path: Assets/Materials/blue.mat
  artifactKey: Guid(018fee1e2f414ba4b948afc0265151c4) Importer(815301076,1909f56bfc062723c751e8b465ee728b)
Start importing Assets/Materials/blue.mat using Guid(018fee1e2f414ba4b948afc0265151c4) Importer(815301076,1909f56bfc062723c751e8b465ee728b)  -> (artifact id: 'aee58e3aea00302e93ca42f3d6eeafb1') in 0.060224 seconds 
========================================================================
Received Import Request.
  Time since last request: 0.000057 seconds.
  path: Assets/Materials/white.mat
  artifactKey: Guid(b00a67a83a767a54095b9fff71c5f7f9) Importer(815301076,1909f56bfc062723c751e8b465ee728b)
Start importing Assets/Materials/white.mat using Guid(b00a67a83a767a54095b9fff71c5f7f9) Importer(815301076,1909f56bfc062723c751e8b465ee728b)  -> (artifact id: '0e934bbce9b23ea271f4797817e492b0') in 0.066644 seconds 
========================================================================
Received Import Request.
  Time since last request: 7.700777 seconds.
  path: Assets/Materials/black.mat
  artifactKey: Guid(dab1f62b186f13a4f8de95eb74666411) Importer(815301076,1909f56bfc062723c751e8b465ee728b)
Start importing Assets/Materials/black.mat using Guid(dab1f62b186f13a4f8de95eb74666411) Importer(815301076,1909f56bfc062723c751e8b465ee728b)  -> (artifact id: 'b436b4af4353f1174805dc30e5d2a6dc') in 0.148083 seconds 
========================================================================
Received Prepare
Registering precompiled user dll's ...
Registered in 0.092739 seconds.
Begin MonoManager ReloadAssembly
Symbol file LoadedFromMemory doesn't match image C:\Users\Percy\Documents\Interlab\ARTrack-Demos\Library\PackageCache\com.unity.visualscripting@1.8.0\Editor\VisualScripting.Core\Dependencies\DotNetZip\Unity.VisualScripting.IonicZip.dll
Symbol file LoadedFromMemory doesn't match image C:\Users\Percy\Documents\Interlab\ARTrack-Demos\Library\PackageCache\com.unity.visualscripting@1.8.0\Editor\VisualScripting.Core\Dependencies\YamlDotNet\Unity.VisualScripting.YamlDotNet.dll
Native extension for WindowsStandalone target not found
Refreshing native plugins compatible for Editor in 10.32 ms, found 3 plugins.
Preloading 0 native plugins for Editor in 0.00 ms.
Mono: successfully reloaded assembly
- Completed reload, in 43.819 seconds
Domain Reload Profiling:
	ReloadAssembly (43824ms)
		BeginReloadAssembly (4425ms)
			ExecutionOrderSort (0ms)
			DisableScriptedObjects (68ms)
			BackupInstance (0ms)
			ReleaseScriptingObjects (0ms)
			CreateAndSetChildDomain (2731ms)
		EndReloadAssembly (35680ms)
			LoadAssemblies (1703ms)
			RebuildTransferFunctionScriptingTraits (24ms)
			SetupTypeCache (8946ms)
			ReleaseScriptCaches (2364ms)
			RebuildScriptCaches (1058ms)
			SetupLoadedEditorAssemblies (18632ms)
				LogAssemblyErrors (0ms)
				InitializePlatformSupportModulesInManaged (2478ms)
				SetLoadedEditorAssemblies (7ms)
				RefreshPlugins (12ms)
				BeforeProcessingInitializeOnLoad (1409ms)
				ProcessInitializeOnLoadAttributes (7594ms)
				ProcessInitializeOnLoadMethodAttributes (4546ms)
				AfterProcessingInitializeOnLoad (2567ms)
				EditorAssembliesLoaded (19ms)
			ExecutionOrderSort2 (0ms)
			AwakeInstancesAfterBackupRestoration (110ms)
Platform modules already initialized, skipping
Refreshing native plugins compatible for Editor in 162.12 ms, found 3 plugins.
Preloading 0 native plugins for Editor in 0.00 ms.
Unloading 4118 Unused Serialized files (Serialized files now loaded: 0)
Unloading 55 unused Assets / (25.6 KB). Loaded Objects now: 4613.
Memory consumption went from 142.3 MB to 142.3 MB.
Total: 80.466300 ms (FindLiveObjects: 1.163300 ms CreateObjectMapping: 0.734000 ms MarkObjects: 78.143700 ms  DeleteObjects: 0.365800 ms)

AssetImportParameters requested are different than current active one (requested -> active):
  custom:video-decoder-ogg-theora: a1e56fd34408186e4bbccfd4996cb3dc -> 
  custom:container-muxer-webm: aa71ff27fc2769a1b78a27578f13a17b -> 
  custom:container-demuxer-webm: 4f35f7cbe854078d1ac9338744f61a02 -> 
  custom:video-encoder-webm-vp8: eb34c28f22e8b96e1ab97ce403110664 -> 
  custom:audio-encoder-webm-vorbis: bf7c407c2cedff20999df2af8eb42d56 -> 
  custom:framework-win-MediaFoundation: 216162199b28c13a410421893ffa2e32 -> 
  custom:container-demuxer-ogg: 62fdf1f143b41e24485cea50d1cbac27 -> 
  custom:video-decoder-webm-vp8: 9c59270c3fd7afecdb556c50c9e8de78 -> 
  custom:audio-decoder-ogg-vorbis: bf7c407c2cedff20999df2af8eb42d56 -> 
